{"/Users/vadimkurnakov/projects/xtravel/src/consts.ts": {"path":"/Users/vadimkurnakov/projects/xtravel/src/consts.ts","statementMap":{"0":{"start":{"line":1,"column":13},"end":{"line":195,"column":2}}},"fnMap":{},"branchMap":{},"s":{"0":0},"f":{},"b":{}}
,"/Users/vadimkurnakov/projects/xtravel/src/entry.ts": {"path":"/Users/vadimkurnakov/projects/xtravel/src/entry.ts","statementMap":{"0":{"start":{"line":2,"column":0},"end":{"line":2,"column":33}},"1":{"start":{"line":3,"column":0},"end":{"line":3,"column":49}},"2":{"start":{"line":5,"column":18},"end":{"line":5,"column":36}},"3":{"start":{"line":6,"column":19},"end":{"line":6,"column":36}},"4":{"start":{"line":8,"column":20},"end":{"line":10,"column":14}},"5":{"start":{"line":12,"column":0},"end":{"line":12,"column":37}},"6":{"start":{"line":17,"column":0},"end":{"line":17,"column":null}},"7":{"start":{"line":30,"column":0},"end":{"line":31,"column":21}}},"fnMap":{},"branchMap":{"0":{"loc":{"start":{"line":8,"column":20},"end":{"line":10,"column":14}},"type":"cond-expr","locations":[{"start":{"line":9,"column":4},"end":{"line":9,"column":13}},{"start":{"line":10,"column":4},"end":{"line":10,"column":14}}]},"1":{"loc":{"start":{"line":8,"column":20},"end":{"line":8,"column":40}},"type":"binary-expr","locations":[{"start":{"line":8,"column":20},"end":{"line":8,"column":27}},{"start":{"line":8,"column":31},"end":{"line":8,"column":40}}]}},"s":{"0":0,"1":0,"2":0,"3":0,"4":0,"5":0,"6":0,"7":0},"f":{},"b":{"0":[0,0],"1":[0,0]}}
,"/Users/vadimkurnakov/projects/xtravel/src/api/validation.ts": {"path":"/Users/vadimkurnakov/projects/xtravel/src/api/validation.ts","statementMap":{"0":{"start":{"line":1,"column":0},"end":{"line":1,"column":29}},"1":{"start":{"line":5,"column":22},"end":{"line":8,"column":11}},"2":{"start":{"line":12,"column":13},"end":{"line":20,"column":2}},"3":{"start":{"line":13,"column":30},"end":{"line":13,"column":51}},"4":{"start":{"line":14,"column":30},"end":{"line":14,"column":51}},"5":{"start":{"line":17,"column":4},"end":{"line":17,"column":67}},"6":{"start":{"line":17,"column":41},"end":{"line":17,"column":66}},"7":{"start":{"line":19,"column":4},"end":{"line":19,"column":67}},"8":{"start":{"line":19,"column":41},"end":{"line":19,"column":66}},"9":{"start":{"line":26,"column":25},"end":{"line":42,"column":1}},"10":{"start":{"line":32,"column":2},"end":{"line":39,"column":5}},"11":{"start":{"line":33,"column":18},"end":{"line":33,"column":36}},"12":{"start":{"line":34,"column":4},"end":{"line":38,"column":null}},"13":{"start":{"line":35,"column":6},"end":{"line":35,"column":69}},"14":{"start":{"line":37,"column":6},"end":{"line":37,"column":29}},"15":{"start":{"line":41,"column":2},"end":{"line":41,"column":13}},"16":{"start":{"line":26,"column":13},"end":{"line":26,"column":25}},"17":{"start":{"line":45,"column":19},"end":{"line":45,"column":44}},"18":{"start":{"line":46,"column":26},"end":{"line":46,"column":50}},"19":{"start":{"line":47,"column":31},"end":{"line":47,"column":67}},"20":{"start":{"line":49,"column":15},"end":{"line":53,"column":2}},"21":{"start":{"line":63,"column":28},"end":{"line":106,"column":1}},"22":{"start":{"line":67,"column":15},"end":{"line":67,"column":19}},"23":{"start":{"line":68,"column":39},"end":{"line":68,"column":48}},"24":{"start":{"line":70,"column":20},"end":{"line":70,"column":44}},"25":{"start":{"line":71,"column":19},"end":{"line":71,"column":34}},"26":{"start":{"line":73,"column":2},"end":{"line":75,"column":null}},"27":{"start":{"line":74,"column":4},"end":{"line":74,"column":67}},"28":{"start":{"line":77,"column":2},"end":{"line":103,"column":null}},"29":{"start":{"line":77,"column":15},"end":{"line":77,"column":16}},"30":{"start":{"line":78,"column":16},"end":{"line":78,"column":28}},"31":{"start":{"line":80,"column":26},"end":{"line":80,"column":40}},"32":{"start":{"line":81,"column":4},"end":{"line":83,"column":null}},"33":{"start":{"line":82,"column":6},"end":{"line":82,"column":74}},"34":{"start":{"line":85,"column":24},"end":{"line":85,"column":63}},"35":{"start":{"line":86,"column":20},"end":{"line":86,"column":45}},"36":{"start":{"line":88,"column":29},"end":{"line":88,"column":51}},"37":{"start":{"line":90,"column":4},"end":{"line":102,"column":null}},"38":{"start":{"line":91,"column":6},"end":{"line":91,"column":21}},"39":{"start":{"line":92,"column":6},"end":{"line":92,"column":23}},"40":{"start":{"line":94,"column":6},"end":{"line":99,"column":8}},"41":{"start":{"line":101,"column":6},"end":{"line":101,"column":42}},"42":{"start":{"line":105,"column":2},"end":{"line":105,"column":20}},"43":{"start":{"line":63,"column":13},"end":{"line":63,"column":28}}},"fnMap":{"0":{"name":"(anonymous_1)","decl":{"start":{"line":13,"column":14},"end":{"line":13,"column":15}},"loc":{"start":{"line":13,"column":30},"end":{"line":13,"column":51}}},"1":{"name":"(anonymous_2)","decl":{"start":{"line":14,"column":14},"end":{"line":14,"column":15}},"loc":{"start":{"line":14,"column":30},"end":{"line":14,"column":51}}},"2":{"name":"(anonymous_3)","decl":{"start":{"line":16,"column":32},"end":{"line":16,"column":33}},"loc":{"start":{"line":17,"column":4},"end":{"line":17,"column":67}}},"3":{"name":"(anonymous_4)","decl":{"start":{"line":17,"column":32},"end":{"line":17,"column":37}},"loc":{"start":{"line":17,"column":41},"end":{"line":17,"column":66}}},"4":{"name":"(anonymous_5)","decl":{"start":{"line":18,"column":32},"end":{"line":18,"column":33}},"loc":{"start":{"line":19,"column":4},"end":{"line":19,"column":67}}},"5":{"name":"(anonymous_6)","decl":{"start":{"line":19,"column":32},"end":{"line":19,"column":37}},"loc":{"start":{"line":19,"column":41},"end":{"line":19,"column":66}}},"6":{"name":"(anonymous_7)","decl":{"start":{"line":26,"column":25},"end":{"line":26,"column":null}},"loc":{"start":{"line":31,"column":4},"end":{"line":42,"column":1}}},"7":{"name":"(anonymous_8)","decl":{"start":{"line":32,"column":33},"end":{"line":32,"column":34}},"loc":{"start":{"line":32,"column":41},"end":{"line":39,"column":3}}},"8":{"name":"(anonymous_9)","decl":{"start":{"line":63,"column":28},"end":{"line":63,"column":null}},"loc":{"start":{"line":66,"column":22},"end":{"line":106,"column":1}}}},"branchMap":{"0":{"loc":{"start":{"line":17,"column":4},"end":{"line":17,"column":67}},"type":"binary-expr","locations":[{"start":{"line":17,"column":4},"end":{"line":17,"column":20}},{"start":{"line":17,"column":24},"end":{"line":17,"column":67}}]},"1":{"loc":{"start":{"line":19,"column":4},"end":{"line":19,"column":67}},"type":"binary-expr","locations":[{"start":{"line":19,"column":4},"end":{"line":19,"column":20}},{"start":{"line":19,"column":24},"end":{"line":19,"column":67}}]},"2":{"loc":{"start":{"line":29,"column":2},"end":{"line":29,"column":13}},"type":"default-arg","locations":[{"start":{"line":29,"column":11},"end":{"line":29,"column":13}}]},"3":{"loc":{"start":{"line":30,"column":2},"end":{"line":30,"column":20}},"type":"default-arg","locations":[{"start":{"line":30,"column":18},"end":{"line":30,"column":20}}]},"4":{"loc":{"start":{"line":34,"column":4},"end":{"line":38,"column":null}},"type":"if","locations":[{"start":{"line":34,"column":4},"end":{"line":38,"column":null}},{"start":{"line":36,"column":11},"end":{"line":38,"column":null}}]},"5":{"loc":{"start":{"line":34,"column":8},"end":{"line":34,"column":67}},"type":"binary-expr","locations":[{"start":{"line":34,"column":8},"end":{"line":34,"column":13}},{"start":{"line":34,"column":17},"end":{"line":34,"column":42}},{"start":{"line":34,"column":46},"end":{"line":34,"column":67}}]},"6":{"loc":{"start":{"line":73,"column":2},"end":{"line":75,"column":null}},"type":"if","locations":[{"start":{"line":73,"column":2},"end":{"line":75,"column":null}}]},"7":{"loc":{"start":{"line":81,"column":4},"end":{"line":83,"column":null}},"type":"if","locations":[{"start":{"line":81,"column":4},"end":{"line":83,"column":null}}]},"8":{"loc":{"start":{"line":90,"column":4},"end":{"line":102,"column":null}},"type":"if","locations":[{"start":{"line":90,"column":4},"end":{"line":102,"column":null}},{"start":{"line":100,"column":11},"end":{"line":102,"column":null}}]},"9":{"loc":{"start":{"line":101,"column":15},"end":{"line":101,"column":41}},"type":"binary-expr","locations":[{"start":{"line":101,"column":15},"end":{"line":101,"column":21}},{"start":{"line":101,"column":25},"end":{"line":101,"column":41}}]}},"s":{"0":1,"1":1,"2":1,"3":3,"4":11,"5":2,"6":5,"7":1,"8":2,"9":1,"10":50,"11":122,"12":122,"13":26,"14":96,"15":50,"16":1,"17":1,"18":1,"19":1,"20":1,"21":1,"22":10,"23":10,"24":10,"25":10,"26":10,"27":1,"28":9,"29":9,"30":20,"31":20,"32":20,"33":3,"34":17,"35":17,"36":17,"37":17,"38":3,"39":3,"40":3,"41":14,"42":3,"43":1},"f":{"0":3,"1":11,"2":2,"3":5,"4":1,"5":2,"6":50,"7":122,"8":10},"b":{"0":[2,2],"1":[1,1],"2":[24],"3":[24],"4":[26,96],"5":[122,119,53],"6":[1],"7":[3],"8":[3,14],"9":[14,14]}}
,"/Users/vadimkurnakov/projects/xtravel/src/api/v1/apiEntry.ts": {"path":"/Users/vadimkurnakov/projects/xtravel/src/api/v1/apiEntry.ts","statementMap":{"0":{"start":{"line":1,"column":0},"end":{"line":1,"column":30}},"1":{"start":{"line":4,"column":0},"end":{"line":4,"column":41}},"2":{"start":{"line":5,"column":0},"end":{"line":5,"column":46}},"3":{"start":{"line":6,"column":0},"end":{"line":6,"column":61}},"4":{"start":{"line":7,"column":0},"end":{"line":7,"column":63}},"5":{"start":{"line":8,"column":0},"end":{"line":8,"column":48}},"6":{"start":{"line":11,"column":15},"end":{"line":11,"column":24}},"7":{"start":{"line":13,"column":14},"end":{"line":26,"column":1}},"8":{"start":{"line":14,"column":15},"end":{"line":14,"column":19}},"9":{"start":{"line":16,"column":2},"end":{"line":21,"column":7}},"10":{"start":{"line":16,"column":28},"end":{"line":16,"column":42}},"11":{"start":{"line":18,"column":6},"end":{"line":20,"column":9}},"12":{"start":{"line":19,"column":8},"end":{"line":19,"column":48}},"13":{"start":{"line":23,"column":2},"end":{"line":25,"column":5}},"14":{"start":{"line":24,"column":4},"end":{"line":24,"column":48}},"15":{"start":{"line":28,"column":0},"end":{"line":28,"column":27}},"16":{"start":{"line":29,"column":0},"end":{"line":29,"column":24}},"17":{"start":{"line":31,"column":27},"end":{"line":31,"column":46}},"18":{"start":{"line":31,"column":33},"end":{"line":31,"column":46}},"19":{"start":{"line":31,"column":13},"end":{"line":31,"column":27}}},"fnMap":{"0":{"name":"(anonymous_1)","decl":{"start":{"line":13,"column":14},"end":{"line":13,"column":15}},"loc":{"start":{"line":13,"column":35},"end":{"line":26,"column":1}}},"1":{"name":"(anonymous_2)","decl":{"start":{"line":16,"column":22},"end":{"line":16,"column":25}},"loc":{"start":{"line":16,"column":28},"end":{"line":16,"column":42}}},"2":{"name":"(anonymous_3)","decl":{"start":{"line":17,"column":10},"end":{"line":17,"column":13}},"loc":{"start":{"line":17,"column":15},"end":{"line":21,"column":5}}},"3":{"name":"(anonymous_4)","decl":{"start":{"line":18,"column":23},"end":{"line":18,"column":26}},"loc":{"start":{"line":18,"column":28},"end":{"line":20,"column":7}}},"4":{"name":"(anonymous_5)","decl":{"start":{"line":23,"column":18},"end":{"line":23,"column":21}},"loc":{"start":{"line":23,"column":23},"end":{"line":25,"column":3}}},"5":{"name":"(anonymous_6)","decl":{"start":{"line":31,"column":27},"end":{"line":31,"column":30}},"loc":{"start":{"line":31,"column":33},"end":{"line":31,"column":46}}}},"branchMap":{},"s":{"0":0,"1":0,"2":0,"3":0,"4":0,"5":0,"6":0,"7":0,"8":0,"9":0,"10":0,"11":0,"12":0,"13":0,"14":0,"15":0,"16":0,"17":0,"18":0,"19":0},"f":{"0":0,"1":0,"2":0,"3":0,"4":0,"5":0},"b":{}}
,"/Users/vadimkurnakov/projects/xtravel/src/api/v1/controllers/flights.ts": {"path":"/Users/vadimkurnakov/projects/xtravel/src/api/v1/controllers/flights.ts","statementMap":{"0":{"start":{"line":1,"column":0},"end":{"line":1,"column":75}},"1":{"start":{"line":5,"column":39},"end":{"line":9,"column":1}},"2":{"start":{"line":6,"column":2},"end":{"line":6,"column":39}},"3":{"start":{"line":7,"column":2},"end":{"line":8,"column":37}},"4":{"start":{"line":8,"column":19},"end":{"line":8,"column":35}},"5":{"start":{"line":11,"column":25},"end":{"line":11,"column":30}},"6":{"start":{"line":12,"column":24},"end":{"line":12,"column":44}},"7":{"start":{"line":14,"column":13},"end":{"line":19,"column":2}}},"fnMap":{"0":{"name":"(anonymous_0)","decl":{"start":{"line":5,"column":39},"end":{"line":5,"column":40}},"loc":{"start":{"line":5,"column":50},"end":{"line":9,"column":1}}},"1":{"name":"(anonymous_1)","decl":{"start":{"line":8,"column":10},"end":{"line":8,"column":15}},"loc":{"start":{"line":8,"column":19},"end":{"line":8,"column":35}}}},"branchMap":{},"s":{"0":0,"1":0,"2":0,"3":0,"4":0,"5":0,"6":0,"7":0},"f":{"0":0,"1":0},"b":{}}
,"/Users/vadimkurnakov/projects/xtravel/src/api/v1/controllers/index.ts": {"path":"/Users/vadimkurnakov/projects/xtravel/src/api/v1/controllers/index.ts","statementMap":{"0":{"start":{"line":3,"column":0},"end":{"line":3,"column":39}},"1":{"start":{"line":4,"column":0},"end":{"line":4,"column":35}},"2":{"start":{"line":5,"column":0},"end":{"line":5,"column":32}},"3":{"start":{"line":6,"column":0},"end":{"line":6,"column":38}},"4":{"start":{"line":10,"column":34},"end":{"line":15,"column":2}},"5":{"start":{"line":17,"column":31},"end":{"line":21,"column":1}},"6":{"start":{"line":18,"column":2},"end":{"line":20,"column":5}},"7":{"start":{"line":19,"column":4},"end":{"line":19,"column":39}},"8":{"start":{"line":17,"column":13},"end":{"line":17,"column":31}}},"fnMap":{"0":{"name":"(anonymous_0)","decl":{"start":{"line":17,"column":31},"end":{"line":17,"column":32}},"loc":{"start":{"line":17,"column":52},"end":{"line":21,"column":1}}},"1":{"name":"(anonymous_1)","decl":{"start":{"line":18,"column":22},"end":{"line":18,"column":23}},"loc":{"start":{"line":18,"column":60},"end":{"line":20,"column":3}}}},"branchMap":{},"s":{"0":0,"1":0,"2":0,"3":0,"4":0,"5":0,"6":0,"7":0,"8":0},"f":{"0":0,"1":0},"b":{}}
,"/Users/vadimkurnakov/projects/xtravel/src/api/v1/controllers/parse.ts": {"path":"/Users/vadimkurnakov/projects/xtravel/src/api/v1/controllers/parse.ts","statementMap":{"0":{"start":{"line":1,"column":0},"end":{"line":1,"column":null}},"1":{"start":{"line":7,"column":0},"end":{"line":7,"column":48}},"2":{"start":{"line":18,"column":28},"end":{"line":23,"column":2}},"3":{"start":{"line":25,"column":41},"end":{"line":32,"column":2}},"4":{"start":{"line":34,"column":34},"end":{"line":57,"column":1}},"5":{"start":{"line":35,"column":2},"end":{"line":35,"column":39}},"6":{"start":{"line":42,"column":6},"end":{"line":42,"column":43}},"7":{"start":{"line":44,"column":2},"end":{"line":46,"column":null}},"8":{"start":{"line":45,"column":4},"end":{"line":45,"column":71}},"9":{"start":{"line":48,"column":41},"end":{"line":48,"column":49}},"10":{"start":{"line":49,"column":29},"end":{"line":49,"column":43}},"11":{"start":{"line":51,"column":17},"end":{"line":51,"column":49}},"12":{"start":{"line":53,"column":2},"end":{"line":53,"column":59}},"13":{"start":{"line":59,"column":20},"end":{"line":59,"column":26}},"14":{"start":{"line":60,"column":19},"end":{"line":60,"column":34}},"15":{"start":{"line":62,"column":13},"end":{"line":67,"column":2}}},"fnMap":{"0":{"name":"(anonymous_0)","decl":{"start":{"line":34,"column":34},"end":{"line":34,"column":35}},"loc":{"start":{"line":34,"column":47},"end":{"line":57,"column":1}}}},"branchMap":{"0":{"loc":{"start":{"line":44,"column":2},"end":{"line":46,"column":null}},"type":"if","locations":[{"start":{"line":44,"column":2},"end":{"line":46,"column":null}}]}},"s":{"0":0,"1":0,"2":0,"3":0,"4":0,"5":0,"6":0,"7":0,"8":0,"9":0,"10":0,"11":0,"12":0,"13":0,"14":0,"15":0},"f":{"0":0},"b":{"0":[0]}}
,"/Users/vadimkurnakov/projects/xtravel/src/api/v1/controllers/parseAll.ts": {"path":"/Users/vadimkurnakov/projects/xtravel/src/api/v1/controllers/parseAll.ts","statementMap":{"0":{"start":{"line":1,"column":0},"end":{"line":1,"column":63}},"1":{"start":{"line":5,"column":37},"end":{"line":11,"column":1}},"2":{"start":{"line":6,"column":2},"end":{"line":6,"column":39}},"3":{"start":{"line":7,"column":29},"end":{"line":7,"column":37}},"4":{"start":{"line":9,"column":2},"end":{"line":10,"column":51}},"5":{"start":{"line":10,"column":27},"end":{"line":10,"column":49}},"6":{"start":{"line":13,"column":23},"end":{"line":13,"column":29}},"7":{"start":{"line":14,"column":22},"end":{"line":14,"column":40}},"8":{"start":{"line":16,"column":13},"end":{"line":21,"column":2}}},"fnMap":{"0":{"name":"(anonymous_0)","decl":{"start":{"line":5,"column":37},"end":{"line":5,"column":38}},"loc":{"start":{"line":5,"column":50},"end":{"line":11,"column":1}}},"1":{"name":"(anonymous_1)","decl":{"start":{"line":10,"column":10},"end":{"line":10,"column":11}},"loc":{"start":{"line":10,"column":27},"end":{"line":10,"column":49}}}},"branchMap":{},"s":{"0":0,"1":0,"2":0,"3":0,"4":0,"5":0,"6":0,"7":0,"8":0},"f":{"0":0,"1":0},"b":{}}
,"/Users/vadimkurnakov/projects/xtravel/src/api/v1/controllers/visas.ts": {"path":"/Users/vadimkurnakov/projects/xtravel/src/api/v1/controllers/visas.ts","statementMap":{"0":{"start":{"line":1,"column":0},"end":{"line":1,"column":72}},"1":{"start":{"line":5,"column":37},"end":{"line":9,"column":1}},"2":{"start":{"line":6,"column":2},"end":{"line":6,"column":39}},"3":{"start":{"line":7,"column":2},"end":{"line":8,"column":37}},"4":{"start":{"line":8,"column":19},"end":{"line":8,"column":35}},"5":{"start":{"line":11,"column":23},"end":{"line":11,"column":28}},"6":{"start":{"line":12,"column":22},"end":{"line":12,"column":40}},"7":{"start":{"line":14,"column":13},"end":{"line":19,"column":2}}},"fnMap":{"0":{"name":"(anonymous_0)","decl":{"start":{"line":5,"column":37},"end":{"line":5,"column":38}},"loc":{"start":{"line":5,"column":48},"end":{"line":9,"column":1}}},"1":{"name":"(anonymous_1)","decl":{"start":{"line":8,"column":10},"end":{"line":8,"column":15}},"loc":{"start":{"line":8,"column":19},"end":{"line":8,"column":35}}}},"branchMap":{},"s":{"0":0,"1":0,"2":0,"3":0,"4":0,"5":0,"6":0,"7":0},"f":{"0":0,"1":0},"b":{}}
,"/Users/vadimkurnakov/projects/xtravel/src/db/mongoService.ts": {"path":"/Users/vadimkurnakov/projects/xtravel/src/db/mongoService.ts","statementMap":{"0":{"start":{"line":3,"column":0},"end":{"line":3,"column":39}},"1":{"start":{"line":7,"column":13},"end":{"line":7,"column":77}},"2":{"start":{"line":8,"column":13},"end":{"line":8,"column":81}},"3":{"start":{"line":10,"column":28},"end":{"line":21,"column":1}},"4":{"start":{"line":11,"column":2},"end":{"line":20,"column":5}},"5":{"start":{"line":12,"column":15},"end":{"line":12,"column":37}},"6":{"start":{"line":13,"column":23},"end":{"line":13,"column":52}},"7":{"start":{"line":15,"column":21},"end":{"line":15,"column":38}},"8":{"start":{"line":17,"column":4},"end":{"line":19,"column":30}},"9":{"start":{"line":19,"column":23},"end":{"line":19,"column":28}},"10":{"start":{"line":10,"column":13},"end":{"line":10,"column":28}},"11":{"start":{"line":23,"column":26},"end":{"line":37,"column":1}},"12":{"start":{"line":29,"column":2},"end":{"line":36,"column":5}},"13":{"start":{"line":30,"column":15},"end":{"line":30,"column":37}},"14":{"start":{"line":31,"column":23},"end":{"line":31,"column":52}},"15":{"start":{"line":33,"column":4},"end":{"line":35,"column":29}},"16":{"start":{"line":35,"column":18},"end":{"line":35,"column":27}},"17":{"start":{"line":23,"column":13},"end":{"line":23,"column":26}},"18":{"start":{"line":39,"column":25},"end":{"line":49,"column":1}},"19":{"start":{"line":43,"column":2},"end":{"line":48,"column":5}},"20":{"start":{"line":44,"column":15},"end":{"line":44,"column":37}},"21":{"start":{"line":45,"column":23},"end":{"line":45,"column":52}},"22":{"start":{"line":47,"column":4},"end":{"line":47,"column":37}},"23":{"start":{"line":39,"column":13},"end":{"line":39,"column":25}}},"fnMap":{"0":{"name":"(anonymous_0)","decl":{"start":{"line":10,"column":28},"end":{"line":10,"column":29}},"loc":{"start":{"line":10,"column":71},"end":{"line":21,"column":1}}},"1":{"name":"(anonymous_1)","decl":{"start":{"line":11,"column":29},"end":{"line":11,"column":30}},"loc":{"start":{"line":11,"column":45},"end":{"line":20,"column":3}}},"2":{"name":"(anonymous_2)","decl":{"start":{"line":19,"column":12},"end":{"line":19,"column":13}},"loc":{"start":{"line":19,"column":23},"end":{"line":19,"column":28}}},"3":{"name":"(anonymous_3)","decl":{"start":{"line":23,"column":26},"end":{"line":23,"column":null}},"loc":{"start":{"line":28,"column":4},"end":{"line":37,"column":1}}},"4":{"name":"(anonymous_4)","decl":{"start":{"line":29,"column":29},"end":{"line":29,"column":30}},"loc":{"start":{"line":29,"column":45},"end":{"line":36,"column":3}}},"5":{"name":"(anonymous_5)","decl":{"start":{"line":35,"column":12},"end":{"line":35,"column":15}},"loc":{"start":{"line":35,"column":18},"end":{"line":35,"column":27}}},"6":{"name":"(anonymous_6)","decl":{"start":{"line":39,"column":25},"end":{"line":39,"column":null}},"loc":{"start":{"line":42,"column":4},"end":{"line":49,"column":1}}},"7":{"name":"(anonymous_7)","decl":{"start":{"line":43,"column":29},"end":{"line":43,"column":30}},"loc":{"start":{"line":43,"column":45},"end":{"line":48,"column":3}}}},"branchMap":{},"s":{"0":0,"1":0,"2":0,"3":0,"4":0,"5":0,"6":0,"7":0,"8":0,"9":0,"10":0,"11":0,"12":0,"13":0,"14":0,"15":0,"16":0,"17":0,"18":0,"19":0,"20":0,"21":0,"22":0,"23":0},"f":{"0":0,"1":0,"2":0,"3":0,"4":0,"5":0,"6":0,"7":0},"b":{}}
,"/Users/vadimkurnakov/projects/xtravel/src/db/utils.ts": {"path":"/Users/vadimkurnakov/projects/xtravel/src/db/utils.ts","statementMap":{"0":{"start":{"line":1,"column":0},"end":{"line":1,"column":56}},"1":{"start":{"line":3,"column":0},"end":{"line":3,"column":50}},"2":{"start":{"line":4,"column":0},"end":{"line":4,"column":40}},"3":{"start":{"line":7,"column":30},"end":{"line":7,"column":97}},"4":{"start":{"line":9,"column":17},"end":{"line":11,"column":109}},"5":{"start":{"line":14,"column":35},"end":{"line":51,"column":1}},"6":{"start":{"line":15,"column":53},"end":{"line":15,"column":57}},"7":{"start":{"line":17,"column":23},"end":{"line":33,"column":3}},"8":{"start":{"line":18,"column":4},"end":{"line":21,"column":null}},"9":{"start":{"line":19,"column":6},"end":{"line":19,"column":45}},"10":{"start":{"line":20,"column":6},"end":{"line":20,"column":29}},"11":{"start":{"line":23,"column":4},"end":{"line":23,"column":40}},"12":{"start":{"line":24,"column":19},"end":{"line":24,"column":80}},"13":{"start":{"line":26,"column":30},"end":{"line":30,"column":6}},"14":{"start":{"line":27,"column":6},"end":{"line":27,"column":37}},"15":{"start":{"line":28,"column":6},"end":{"line":28,"column":42}},"16":{"start":{"line":29,"column":6},"end":{"line":29,"column":24}},"17":{"start":{"line":32,"column":4},"end":{"line":32,"column":29}},"18":{"start":{"line":35,"column":26},"end":{"line":48,"column":3}},"19":{"start":{"line":36,"column":4},"end":{"line":39,"column":null}},"20":{"start":{"line":37,"column":6},"end":{"line":37,"column":41}},"21":{"start":{"line":38,"column":6},"end":{"line":38,"column":13}},"22":{"start":{"line":41,"column":4},"end":{"line":47,"column":7}},"23":{"start":{"line":42,"column":6},"end":{"line":46,"column":11}},"24":{"start":{"line":44,"column":10},"end":{"line":44,"column":33}},"25":{"start":{"line":45,"column":10},"end":{"line":45,"column":44}},"26":{"start":{"line":50,"column":2},"end":{"line":50,"column":43}},"27":{"start":{"line":53,"column":13},"end":{"line":53,"column":49}}},"fnMap":{"0":{"name":"(anonymous_0)","decl":{"start":{"line":14,"column":35},"end":{"line":14,"column":38}},"loc":{"start":{"line":14,"column":40},"end":{"line":51,"column":1}}},"1":{"name":"(anonymous_1)","decl":{"start":{"line":17,"column":23},"end":{"line":17,"column":26}},"loc":{"start":{"line":17,"column":28},"end":{"line":33,"column":3}}},"2":{"name":"(anonymous_2)","decl":{"start":{"line":26,"column":52},"end":{"line":26,"column":53}},"loc":{"start":{"line":26,"column":67},"end":{"line":30,"column":5}}},"3":{"name":"(anonymous_3)","decl":{"start":{"line":35,"column":26},"end":{"line":35,"column":29}},"loc":{"start":{"line":35,"column":31},"end":{"line":48,"column":3}}},"4":{"name":"(anonymous_4)","decl":{"start":{"line":41,"column":32},"end":{"line":41,"column":33}},"loc":{"start":{"line":41,"column":48},"end":{"line":47,"column":5}}},"5":{"name":"(anonymous_5)","decl":{"start":{"line":43,"column":14},"end":{"line":43,"column":17}},"loc":{"start":{"line":43,"column":19},"end":{"line":46,"column":9}}}},"branchMap":{"0":{"loc":{"start":{"line":9,"column":17},"end":{"line":11,"column":109}},"type":"cond-expr","locations":[{"start":{"line":10,"column":4},"end":{"line":10,"column":56}},{"start":{"line":11,"column":4},"end":{"line":11,"column":109}}]},"1":{"loc":{"start":{"line":9,"column":17},"end":{"line":9,"column":37}},"type":"binary-expr","locations":[{"start":{"line":9,"column":17},"end":{"line":9,"column":24}},{"start":{"line":9,"column":28},"end":{"line":9,"column":37}}]},"2":{"loc":{"start":{"line":18,"column":4},"end":{"line":21,"column":null}},"type":"if","locations":[{"start":{"line":18,"column":4},"end":{"line":21,"column":null}}]},"3":{"loc":{"start":{"line":36,"column":4},"end":{"line":39,"column":null}},"type":"if","locations":[{"start":{"line":36,"column":4},"end":{"line":39,"column":null}}]}},"s":{"0":0,"1":0,"2":0,"3":0,"4":0,"5":0,"6":0,"7":0,"8":0,"9":0,"10":0,"11":0,"12":0,"13":0,"14":0,"15":0,"16":0,"17":0,"18":0,"19":0,"20":0,"21":0,"22":0,"23":0,"24":0,"25":0,"26":0,"27":0},"f":{"0":0,"1":0,"2":0,"3":0,"4":0,"5":0},"b":{"0":[0,0],"1":[0,0],"2":[0],"3":[0]}}
,"/Users/vadimkurnakov/projects/xtravel/src/parsers/aeroflot/config.ts": {"path":"/Users/vadimkurnakov/projects/xtravel/src/parsers/aeroflot/config.ts","statementMap":{"0":{"start":{"line":4,"column":12},"end":{"line":4,"column":43}},"1":{"start":{"line":5,"column":19},"end":{"line":5,"column":35}},"2":{"start":{"line":7,"column":13},"end":{"line":10,"column":2}}},"fnMap":{},"branchMap":{},"s":{"0":0,"1":0,"2":0},"f":{},"b":{}}
,"/Users/vadimkurnakov/projects/xtravel/src/parsers/aeroflot/index.ts": {"path":"/Users/vadimkurnakov/projects/xtravel/src/parsers/aeroflot/index.ts","statementMap":{"0":{"start":{"line":1,"column":0},"end":{"line":1,"column":52}},"1":{"start":{"line":2,"column":0},"end":{"line":2,"column":70}},"2":{"start":{"line":3,"column":0},"end":{"line":3,"column":65}},"3":{"start":{"line":4,"column":0},"end":{"line":4,"column":48}},"4":{"start":{"line":5,"column":0},"end":{"line":5,"column":64}},"5":{"start":{"line":6,"column":0},"end":{"line":6,"column":61}},"6":{"start":{"line":7,"column":0},"end":{"line":7,"column":49}},"7":{"start":{"line":14,"column":39},"end":{"line":28,"column":1}},"8":{"start":{"line":15,"column":21},"end":{"line":15,"column":55}},"9":{"start":{"line":17,"column":53},"end":{"line":25,"column":4}},"10":{"start":{"line":27,"column":2},"end":{"line":27,"column":30}},"11":{"start":{"line":14,"column":13},"end":{"line":14,"column":39}}},"fnMap":{"0":{"name":"(anonymous_0)","decl":{"start":{"line":14,"column":39},"end":{"line":14,"column":40}},"loc":{"start":{"line":14,"column":78},"end":{"line":28,"column":1}}}},"branchMap":{},"s":{"0":0,"1":0,"2":0,"3":0,"4":0,"5":0,"6":0,"7":0,"8":0,"9":0,"10":0,"11":0},"f":{"0":0},"b":{}}
,"/Users/vadimkurnakov/projects/xtravel/src/parsers/aeroflot/normalizer.ts": {"path":"/Users/vadimkurnakov/projects/xtravel/src/parsers/aeroflot/normalizer.ts","statementMap":{"0":{"start":{"line":11,"column":22},"end":{"line":20,"column":1}},"1":{"start":{"line":12,"column":2},"end":{"line":19,"column":8}},"2":{"start":{"line":13,"column":4},"end":{"line":17,"column":null}},"3":{"start":{"line":14,"column":6},"end":{"line":14,"column":22}},"4":{"start":{"line":16,"column":6},"end":{"line":16,"column":17}},"5":{"start":{"line":18,"column":4},"end":{"line":18,"column":15}},"6":{"start":{"line":22,"column":30},"end":{"line":30,"column":1}},"7":{"start":{"line":23,"column":2},"end":{"line":25,"column":null}},"8":{"start":{"line":24,"column":4},"end":{"line":24,"column":13}},"9":{"start":{"line":27,"column":25},"end":{"line":27,"column":36}},"10":{"start":{"line":28,"column":29},"end":{"line":28,"column":68}},"11":{"start":{"line":29,"column":2},"end":{"line":29,"column":48}},"12":{"start":{"line":32,"column":23},"end":{"line":39,"column":1}},"13":{"start":{"line":33,"column":2},"end":{"line":35,"column":null}},"14":{"start":{"line":34,"column":4},"end":{"line":34,"column":13}},"15":{"start":{"line":37,"column":25},"end":{"line":37,"column":35}},"16":{"start":{"line":38,"column":2},"end":{"line":38,"column":52}},"17":{"start":{"line":41,"column":37},"end":{"line":70,"column":1}},"18":{"start":{"line":43,"column":5},"end":{"line":70,"column":1}},"19":{"start":{"line":44,"column":26},"end":{"line":62,"column":4}},"20":{"start":{"line":45,"column":35},"end":{"line":48,"column":6}},"21":{"start":{"line":50,"column":32},"end":{"line":55,"column":6}},"22":{"start":{"line":51,"column":6},"end":{"line":54,"column":8}},"23":{"start":{"line":57,"column":4},"end":{"line":61,"column":6}},"24":{"start":{"line":64,"column":23},"end":{"line":64,"column":43}},"25":{"start":{"line":65,"column":20},"end":{"line":65,"column":35}},"26":{"start":{"line":67,"column":2},"end":{"line":69,"column":5}},"27":{"start":{"line":41,"column":13},"end":{"line":41,"column":37}}},"fnMap":{"0":{"name":"(anonymous_0)","decl":{"start":{"line":11,"column":22},"end":{"line":11,"column":23}},"loc":{"start":{"line":11,"column":56},"end":{"line":20,"column":1}}},"1":{"name":"(anonymous_1)","decl":{"start":{"line":12,"column":38},"end":{"line":12,"column":39}},"loc":{"start":{"line":12,"column":57},"end":{"line":19,"column":3}}},"2":{"name":"(anonymous_2)","decl":{"start":{"line":22,"column":30},"end":{"line":22,"column":31}},"loc":{"start":{"line":22,"column":54},"end":{"line":30,"column":1}}},"3":{"name":"(anonymous_3)","decl":{"start":{"line":32,"column":23},"end":{"line":32,"column":24}},"loc":{"start":{"line":32,"column":64},"end":{"line":39,"column":1}}},"4":{"name":"(anonymous_4)","decl":{"start":{"line":41,"column":37},"end":{"line":41,"column":null}},"loc":{"start":{"line":43,"column":5},"end":{"line":70,"column":1}}},"5":{"name":"(anonymous_5)","decl":{"start":{"line":43,"column":5},"end":{"line":43,"column":6}},"loc":{"start":{"line":43,"column":46},"end":{"line":70,"column":1}}},"6":{"name":"(anonymous_6)","decl":{"start":{"line":44,"column":40},"end":{"line":44,"column":41}},"loc":{"start":{"line":44,"column":53},"end":{"line":62,"column":3}}},"7":{"name":"(anonymous_7)","decl":{"start":{"line":50,"column":55},"end":{"line":50,"column":56}},"loc":{"start":{"line":50,"column":71},"end":{"line":55,"column":5}}}},"branchMap":{"0":{"loc":{"start":{"line":11,"column":37},"end":{"line":11,"column":52}},"type":"default-arg","locations":[{"start":{"line":11,"column":49},"end":{"line":11,"column":52}}]},"1":{"loc":{"start":{"line":13,"column":4},"end":{"line":17,"column":null}},"type":"if","locations":[{"start":{"line":13,"column":4},"end":{"line":17,"column":null}},{"start":{"line":15,"column":11},"end":{"line":17,"column":null}}]},"2":{"loc":{"start":{"line":23,"column":2},"end":{"line":25,"column":null}},"type":"if","locations":[{"start":{"line":23,"column":2},"end":{"line":25,"column":null}}]},"3":{"loc":{"start":{"line":33,"column":2},"end":{"line":35,"column":null}},"type":"if","locations":[{"start":{"line":33,"column":2},"end":{"line":35,"column":null}}]}},"s":{"0":0,"1":0,"2":0,"3":0,"4":0,"5":0,"6":0,"7":0,"8":0,"9":0,"10":0,"11":0,"12":0,"13":0,"14":0,"15":0,"16":0,"17":0,"18":0,"19":0,"20":0,"21":0,"22":0,"23":0,"24":0,"25":0,"26":0,"27":0},"f":{"0":0,"1":0,"2":0,"3":0,"4":0,"5":0,"6":0,"7":0},"b":{"0":[0],"1":[0,0],"2":[0],"3":[0]}}
,"/Users/vadimkurnakov/projects/xtravel/src/parsers/aeroflot/processors.ts": {"path":"/Users/vadimkurnakov/projects/xtravel/src/parsers/aeroflot/processors.ts","statementMap":{"0":{"start":{"line":1,"column":0},"end":{"line":1,"column":49}},"1":{"start":{"line":5,"column":26},"end":{"line":38,"column":1}},"2":{"start":{"line":6,"column":30},"end":{"line":6,"column":91}},"3":{"start":{"line":7,"column":32},"end":{"line":7,"column":91}},"4":{"start":{"line":9,"column":2},"end":{"line":11,"column":null}},"5":{"start":{"line":10,"column":4},"end":{"line":10,"column":16}},"6":{"start":{"line":13,"column":23},"end":{"line":13,"column":89}},"7":{"start":{"line":14,"column":24},"end":{"line":14,"column":91}},"8":{"start":{"line":15,"column":21},"end":{"line":15,"column":86}},"9":{"start":{"line":17,"column":31},"end":{"line":35,"column":4}},"10":{"start":{"line":37,"column":2},"end":{"line":37,"column":22}},"11":{"start":{"line":40,"column":27},"end":{"line":47,"column":1}},"12":{"start":{"line":41,"column":23},"end":{"line":41,"column":86}},"13":{"start":{"line":42,"column":23},"end":{"line":42,"column":94}},"14":{"start":{"line":43,"column":25},"end":{"line":44,"column":65}},"15":{"start":{"line":46,"column":2},"end":{"line":46,"column":42}},"16":{"start":{"line":40,"column":13},"end":{"line":40,"column":27}},"17":{"start":{"line":49,"column":13},"end":{"line":83,"column":2}},"18":{"start":{"line":51,"column":23},"end":{"line":51,"column":32}},"19":{"start":{"line":52,"column":25},"end":{"line":52,"column":82}},"20":{"start":{"line":53,"column":30},"end":{"line":53,"column":54}},"21":{"start":{"line":55,"column":18},"end":{"line":55,"column":80}},"22":{"start":{"line":57,"column":33},"end":{"line":70,"column":40}},"23":{"start":{"line":59,"column":33},"end":{"line":59,"column":38}},"24":{"start":{"line":60,"column":23},"end":{"line":60,"column":58}},"25":{"start":{"line":62,"column":8},"end":{"line":67,"column":null}},"26":{"start":{"line":63,"column":10},"end":{"line":63,"column":35}},"27":{"start":{"line":65,"column":27},"end":{"line":65,"column":56}},"28":{"start":{"line":66,"column":10},"end":{"line":66,"column":39}},"29":{"start":{"line":69,"column":8},"end":{"line":69,"column":19}},"30":{"start":{"line":72,"column":26},"end":{"line":79,"column":6}},"31":{"start":{"line":81,"column":4},"end":{"line":81,"column":15}}},"fnMap":{"0":{"name":"(anonymous_0)","decl":{"start":{"line":5,"column":26},"end":{"line":5,"column":27}},"loc":{"start":{"line":5,"column":76},"end":{"line":38,"column":1}}},"1":{"name":"(anonymous_1)","decl":{"start":{"line":40,"column":27},"end":{"line":40,"column":28}},"loc":{"start":{"line":40,"column":64},"end":{"line":47,"column":1}}},"2":{"name":"(anonymous_2)","decl":{"start":{"line":50,"column":8},"end":{"line":50,"column":9}},"loc":{"start":{"line":50,"column":25},"end":{"line":82,"column":3}}},"3":{"name":"(anonymous_3)","decl":{"start":{"line":58,"column":14},"end":{"line":58,"column":15}},"loc":{"start":{"line":58,"column":75},"end":{"line":70,"column":7}}}},"branchMap":{"0":{"loc":{"start":{"line":9,"column":2},"end":{"line":11,"column":null}},"type":"if","locations":[{"start":{"line":9,"column":2},"end":{"line":11,"column":null}}]},"1":{"loc":{"start":{"line":62,"column":8},"end":{"line":67,"column":null}},"type":"if","locations":[{"start":{"line":62,"column":8},"end":{"line":67,"column":null}},{"start":{"line":64,"column":15},"end":{"line":67,"column":null}}]}},"s":{"0":0,"1":0,"2":0,"3":0,"4":0,"5":0,"6":0,"7":0,"8":0,"9":0,"10":0,"11":0,"12":0,"13":0,"14":0,"15":0,"16":0,"17":0,"18":0,"19":0,"20":0,"21":0,"22":0,"23":0,"24":0,"25":0,"26":0,"27":0,"28":0,"29":0,"30":0,"31":0},"f":{"0":0,"1":0,"2":0,"3":0},"b":{"0":[0],"1":[0,0]}}
,"/Users/vadimkurnakov/projects/xtravel/src/parsers/aeroflot/selectors.ts": {"path":"/Users/vadimkurnakov/projects/xtravel/src/parsers/aeroflot/selectors.ts","statementMap":{"0":{"start":{"line":4,"column":13},"end":{"line":6,"column":2}},"1":{"start":{"line":8,"column":13},"end":{"line":25,"column":2}},"2":{"start":{"line":27,"column":13},"end":{"line":33,"column":2}}},"fnMap":{},"branchMap":{},"s":{"0":1,"1":1,"2":1},"f":{},"b":{}}
,"/Users/vadimkurnakov/projects/xtravel/src/parsers/aeroflot/steps.ts": {"path":"/Users/vadimkurnakov/projects/xtravel/src/parsers/aeroflot/steps.ts","statementMap":{"0":{"start":{"line":3,"column":0},"end":{"line":3,"column":null}},"1":{"start":{"line":9,"column":0},"end":{"line":9,"column":45}},"2":{"start":{"line":13,"column":22},"end":{"line":18,"column":1}},"3":{"start":{"line":17,"column":2},"end":{"line":17,"column":72}},"4":{"start":{"line":20,"column":20},"end":{"line":25,"column":1}},"5":{"start":{"line":24,"column":2},"end":{"line":24,"column":75}},"6":{"start":{"line":27,"column":28},"end":{"line":32,"column":1}},"7":{"start":{"line":31,"column":2},"end":{"line":31,"column":73}},"8":{"start":{"line":34,"column":37},"end":{"line":35,"column":51}},"9":{"start":{"line":35,"column":2},"end":{"line":35,"column":51}},"10":{"start":{"line":37,"column":40},"end":{"line":38,"column":57}},"11":{"start":{"line":38,"column":2},"end":{"line":38,"column":57}},"12":{"start":{"line":40,"column":13},"end":{"line":47,"column":2}}},"fnMap":{"0":{"name":"(anonymous_0)","decl":{"start":{"line":13,"column":22},"end":{"line":13,"column":27}},"loc":{"start":{"line":16,"column":4},"end":{"line":18,"column":1}}},"1":{"name":"(anonymous_1)","decl":{"start":{"line":20,"column":20},"end":{"line":20,"column":25}},"loc":{"start":{"line":23,"column":4},"end":{"line":25,"column":1}}},"2":{"name":"(anonymous_2)","decl":{"start":{"line":27,"column":28},"end":{"line":27,"column":33}},"loc":{"start":{"line":30,"column":4},"end":{"line":32,"column":1}}},"3":{"name":"(anonymous_3)","decl":{"start":{"line":34,"column":37},"end":{"line":34,"column":38}},"loc":{"start":{"line":35,"column":2},"end":{"line":35,"column":51}}},"4":{"name":"(anonymous_4)","decl":{"start":{"line":37,"column":40},"end":{"line":37,"column":41}},"loc":{"start":{"line":38,"column":2},"end":{"line":38,"column":57}}}},"branchMap":{},"s":{"0":1,"1":1,"2":1,"3":1,"4":1,"5":1,"6":1,"7":1,"8":1,"9":1,"10":1,"11":1,"12":1},"f":{"0":1,"1":1,"2":1,"3":1,"4":1},"b":{}}
,"/Users/vadimkurnakov/projects/xtravel/src/parsers/parser/index.ts": {"path":"/Users/vadimkurnakov/projects/xtravel/src/parsers/parser/index.ts","statementMap":{"0":{"start":{"line":1,"column":0},"end":{"line":1,"column":30}},"1":{"start":{"line":25,"column":22},"end":{"line":53,"column":1}},"2":{"start":{"line":36,"column":2},"end":{"line":52,"column":44}},"3":{"start":{"line":38,"column":16},"end":{"line":38,"column":41}},"4":{"start":{"line":39,"column":30},"end":{"line":39,"column":50}},"5":{"start":{"line":41,"column":23},"end":{"line":41,"column":25}},"6":{"start":{"line":43,"column":6},"end":{"line":48,"column":null}},"7":{"start":{"line":44,"column":8},"end":{"line":47,"column":11}},"8":{"start":{"line":46,"column":10},"end":{"line":46,"column":55}},"9":{"start":{"line":50,"column":6},"end":{"line":50,"column":17}},"10":{"start":{"line":52,"column":23},"end":{"line":52,"column":42}},"11":{"start":{"line":25,"column":13},"end":{"line":25,"column":22}},"12":{"start":{"line":56,"column":29},"end":{"line":83,"column":1}},"13":{"start":{"line":67,"column":24},"end":{"line":74,"column":null}},"14":{"start":{"line":67,"column":30},"end":{"line":74,"column":null}},"15":{"start":{"line":77,"column":2},"end":{"line":80,"column":null}},"16":{"start":{"line":78,"column":4},"end":{"line":78,"column":99}},"17":{"start":{"line":79,"column":4},"end":{"line":79,"column":25}},"18":{"start":{"line":82,"column":2},"end":{"line":82,"column":23}},"19":{"start":{"line":56,"column":13},"end":{"line":56,"column":29}}},"fnMap":{"0":{"name":"(anonymous_1)","decl":{"start":{"line":25,"column":22},"end":{"line":25,"column":null}},"loc":{"start":{"line":35,"column":18},"end":{"line":53,"column":1}}},"1":{"name":"(anonymous_2)","decl":{"start":{"line":37,"column":10},"end":{"line":37,"column":11}},"loc":{"start":{"line":37,"column":34},"end":{"line":51,"column":5}}},"2":{"name":"(anonymous_3)","decl":{"start":{"line":44,"column":29},"end":{"line":44,"column":30}},"loc":{"start":{"line":44,"column":48},"end":{"line":47,"column":9}}},"3":{"name":"(anonymous_4)","decl":{"start":{"line":52,"column":10},"end":{"line":52,"column":11}},"loc":{"start":{"line":52,"column":23},"end":{"line":52,"column":42}}},"4":{"name":"(anonymous_5)","decl":{"start":{"line":56,"column":29},"end":{"line":56,"column":null}},"loc":{"start":{"line":66,"column":4},"end":{"line":83,"column":1}}},"5":{"name":"(anonymous_6)","decl":{"start":{"line":67,"column":24},"end":{"line":67,"column":27}},"loc":{"start":{"line":67,"column":30},"end":{"line":74,"column":null}}}},"branchMap":{"0":{"loc":{"start":{"line":43,"column":6},"end":{"line":48,"column":null}},"type":"if","locations":[{"start":{"line":43,"column":6},"end":{"line":48,"column":null}}]},"1":{"loc":{"start":{"line":77,"column":2},"end":{"line":80,"column":null}},"type":"if","locations":[{"start":{"line":77,"column":2},"end":{"line":80,"column":null}}]}},"s":{"0":0,"1":0,"2":0,"3":0,"4":0,"5":0,"6":0,"7":0,"8":0,"9":0,"10":0,"11":0,"12":0,"13":0,"14":0,"15":0,"16":0,"17":0,"18":0,"19":0},"f":{"0":0,"1":0,"2":0,"3":0,"4":0,"5":0},"b":{"0":[0],"1":[0]}}
,"/Users/vadimkurnakov/projects/xtravel/src/parsers/parser/parserTestUtil.ts": {"path":"/Users/vadimkurnakov/projects/xtravel/src/parsers/parser/parserTestUtil.ts","statementMap":{"0":{"start":{"line":1,"column":0},"end":{"line":1,"column":40}},"1":{"start":{"line":2,"column":0},"end":{"line":2,"column":67}},"2":{"start":{"line":11,"column":28},"end":{"line":24,"column":1}},"3":{"start":{"line":12,"column":36},"end":{"line":12,"column":71}},"4":{"start":{"line":12,"column":61},"end":{"line":12,"column":70}},"5":{"start":{"line":13,"column":26},"end":{"line":21,"column":19}},"6":{"start":{"line":14,"column":4},"end":{"line":17,"column":null}},"7":{"start":{"line":15,"column":6},"end":{"line":15,"column":38}},"8":{"start":{"line":16,"column":6},"end":{"line":16,"column":17}},"9":{"start":{"line":19,"column":4},"end":{"line":19,"column":52}},"10":{"start":{"line":19,"column":25},"end":{"line":19,"column":50}},"11":{"start":{"line":20,"column":4},"end":{"line":20,"column":15}},"12":{"start":{"line":23,"column":2},"end":{"line":23,"column":25}},"13":{"start":{"line":11,"column":13},"end":{"line":11,"column":28}},"14":{"start":{"line":26,"column":32},"end":{"line":34,"column":2}},"15":{"start":{"line":29,"column":5},"end":{"line":34,"column":2}},"16":{"start":{"line":30,"column":2},"end":{"line":33,"column":4}},"17":{"start":{"line":26,"column":13},"end":{"line":26,"column":32}},"18":{"start":{"line":37,"column":20},"end":{"line":38,"column":37}},"19":{"start":{"line":38,"column":2},"end":{"line":38,"column":37}},"20":{"start":{"line":38,"column":8},"end":{"line":38,"column":37}},"21":{"start":{"line":38,"column":27},"end":{"line":38,"column":36}},"22":{"start":{"line":40,"column":16},"end":{"line":47,"column":2}},"23":{"start":{"line":41,"column":26},"end":{"line":44,"column":4}},"24":{"start":{"line":41,"column":33},"end":{"line":44,"column":4}},"25":{"start":{"line":49,"column":30},"end":{"line":57,"column":2}},"26":{"start":{"line":50,"column":26},"end":{"line":53,"column":4}},"27":{"start":{"line":50,"column":33},"end":{"line":53,"column":4}},"28":{"start":{"line":54,"column":19},"end":{"line":54,"column":26}},"29":{"start":{"line":59,"column":32},"end":{"line":67,"column":2}},"30":{"start":{"line":60,"column":26},"end":{"line":63,"column":4}},"31":{"start":{"line":60,"column":33},"end":{"line":63,"column":4}},"32":{"start":{"line":64,"column":19},"end":{"line":64,"column":26}},"33":{"start":{"line":69,"column":19},"end":{"line":84,"column":2}},"34":{"start":{"line":70,"column":23},"end":{"line":70,"column":30}},"35":{"start":{"line":71,"column":19},"end":{"line":71,"column":40}},"36":{"start":{"line":72,"column":20},"end":{"line":77,"column":4}},"37":{"start":{"line":86,"column":19},"end":{"line":101,"column":2}},"38":{"start":{"line":87,"column":23},"end":{"line":87,"column":30}},"39":{"start":{"line":88,"column":19},"end":{"line":88,"column":41}},"40":{"start":{"line":89,"column":20},"end":{"line":94,"column":4}},"41":{"start":{"line":103,"column":32},"end":{"line":103,"column":77}},"42":{"start":{"line":103,"column":39},"end":{"line":103,"column":76}},"43":{"start":{"line":103,"column":13},"end":{"line":103,"column":32}},"44":{"start":{"line":104,"column":32},"end":{"line":104,"column":78}},"45":{"start":{"line":104,"column":39},"end":{"line":104,"column":77}},"46":{"start":{"line":104,"column":13},"end":{"line":104,"column":32}},"47":{"start":{"line":107,"column":28},"end":{"line":113,"column":null}},"48":{"start":{"line":111,"column":5},"end":{"line":113,"column":null}},"49":{"start":{"line":107,"column":13},"end":{"line":107,"column":28}},"50":{"start":{"line":117,"column":28},"end":{"line":118,"column":58}},"51":{"start":{"line":118,"column":2},"end":{"line":118,"column":58}},"52":{"start":{"line":117,"column":13},"end":{"line":117,"column":28}}},"fnMap":{"0":{"name":"(anonymous_0)","decl":{"start":{"line":11,"column":28},"end":{"line":11,"column":29}},"loc":{"start":{"line":11,"column":76},"end":{"line":24,"column":1}}},"1":{"name":"(anonymous_1)","decl":{"start":{"line":12,"column":48},"end":{"line":12,"column":49}},"loc":{"start":{"line":12,"column":61},"end":{"line":12,"column":70}}},"2":{"name":"(anonymous_2)","decl":{"start":{"line":13,"column":39},"end":{"line":13,"column":40}},"loc":{"start":{"line":13,"column":84},"end":{"line":21,"column":3}}},"3":{"name":"(anonymous_3)","decl":{"start":{"line":19,"column":19},"end":{"line":19,"column":22}},"loc":{"start":{"line":19,"column":25},"end":{"line":19,"column":50}}},"4":{"name":"(anonymous_4)","decl":{"start":{"line":26,"column":32},"end":{"line":26,"column":null}},"loc":{"start":{"line":29,"column":5},"end":{"line":34,"column":2}}},"5":{"name":"(anonymous_5)","decl":{"start":{"line":29,"column":19},"end":{"line":29,"column":20}},"loc":{"start":{"line":29,"column":37},"end":{"line":34,"column":1}}},"6":{"name":"(anonymous_6)","decl":{"start":{"line":37,"column":20},"end":{"line":37,"column":21}},"loc":{"start":{"line":38,"column":2},"end":{"line":38,"column":37}}},"7":{"name":"(anonymous_7)","decl":{"start":{"line":38,"column":2},"end":{"line":38,"column":5}},"loc":{"start":{"line":38,"column":8},"end":{"line":38,"column":37}}},"8":{"name":"(anonymous_8)","decl":{"start":{"line":38,"column":20},"end":{"line":38,"column":23}},"loc":{"start":{"line":38,"column":27},"end":{"line":38,"column":36}}},"9":{"name":"(anonymous_9)","decl":{"start":{"line":41,"column":20},"end":{"line":41,"column":23}},"loc":{"start":{"line":41,"column":26},"end":{"line":44,"column":4}}},"10":{"name":"(anonymous_10)","decl":{"start":{"line":41,"column":26},"end":{"line":41,"column":29}},"loc":{"start":{"line":41,"column":33},"end":{"line":44,"column":4}}},"11":{"name":"(anonymous_11)","decl":{"start":{"line":50,"column":20},"end":{"line":50,"column":23}},"loc":{"start":{"line":50,"column":26},"end":{"line":53,"column":4}}},"12":{"name":"(anonymous_12)","decl":{"start":{"line":50,"column":26},"end":{"line":50,"column":29}},"loc":{"start":{"line":50,"column":33},"end":{"line":53,"column":4}}},"13":{"name":"(anonymous_13)","decl":{"start":{"line":54,"column":13},"end":{"line":54,"column":16}},"loc":{"start":{"line":54,"column":19},"end":{"line":54,"column":26}}},"14":{"name":"(anonymous_14)","decl":{"start":{"line":60,"column":20},"end":{"line":60,"column":23}},"loc":{"start":{"line":60,"column":26},"end":{"line":63,"column":4}}},"15":{"name":"(anonymous_15)","decl":{"start":{"line":60,"column":26},"end":{"line":60,"column":29}},"loc":{"start":{"line":60,"column":33},"end":{"line":63,"column":4}}},"16":{"name":"(anonymous_16)","decl":{"start":{"line":64,"column":13},"end":{"line":64,"column":16}},"loc":{"start":{"line":64,"column":19},"end":{"line":64,"column":26}}},"17":{"name":"(anonymous_17)","decl":{"start":{"line":70,"column":17},"end":{"line":70,"column":20}},"loc":{"start":{"line":70,"column":23},"end":{"line":70,"column":30}}},"18":{"name":"(anonymous_18)","decl":{"start":{"line":71,"column":13},"end":{"line":71,"column":16}},"loc":{"start":{"line":71,"column":19},"end":{"line":71,"column":40}}},"19":{"name":"(anonymous_19)","decl":{"start":{"line":72,"column":14},"end":{"line":72,"column":17}},"loc":{"start":{"line":72,"column":20},"end":{"line":77,"column":4}}},"20":{"name":"(anonymous_20)","decl":{"start":{"line":87,"column":17},"end":{"line":87,"column":20}},"loc":{"start":{"line":87,"column":23},"end":{"line":87,"column":30}}},"21":{"name":"(anonymous_21)","decl":{"start":{"line":88,"column":13},"end":{"line":88,"column":16}},"loc":{"start":{"line":88,"column":19},"end":{"line":88,"column":41}}},"22":{"name":"(anonymous_22)","decl":{"start":{"line":89,"column":14},"end":{"line":89,"column":17}},"loc":{"start":{"line":89,"column":20},"end":{"line":94,"column":4}}},"23":{"name":"(anonymous_23)","decl":{"start":{"line":103,"column":32},"end":{"line":103,"column":35}},"loc":{"start":{"line":103,"column":39},"end":{"line":103,"column":76}}},"24":{"name":"(anonymous_24)","decl":{"start":{"line":104,"column":32},"end":{"line":104,"column":35}},"loc":{"start":{"line":104,"column":39},"end":{"line":104,"column":77}}},"25":{"name":"(anonymous_25)","decl":{"start":{"line":107,"column":28},"end":{"line":107,"column":null}},"loc":{"start":{"line":111,"column":5},"end":{"line":113,"column":null}}},"26":{"name":"(anonymous_26)","decl":{"start":{"line":117,"column":28},"end":{"line":117,"column":29}},"loc":{"start":{"line":118,"column":2},"end":{"line":118,"column":58}}}},"branchMap":{"0":{"loc":{"start":{"line":14,"column":4},"end":{"line":17,"column":null}},"type":"if","locations":[{"start":{"line":14,"column":4},"end":{"line":17,"column":null}}]}},"s":{"0":2,"1":2,"2":2,"3":2,"4":2,"5":2,"6":2,"7":2,"8":2,"9":0,"10":0,"11":0,"12":2,"13":2,"14":2,"15":2,"16":2,"17":2,"18":2,"19":28,"20":94,"21":94,"22":2,"23":0,"24":0,"25":2,"26":8,"27":4,"28":0,"29":2,"30":8,"31":4,"32":0,"33":2,"34":2,"35":11,"36":3,"37":2,"38":2,"39":11,"40":3,"41":2,"42":2,"43":2,"44":2,"45":2,"46":2,"47":2,"48":2,"49":2,"50":2,"51":2,"52":2},"f":{"0":2,"1":2,"2":2,"3":0,"4":2,"5":2,"6":28,"7":94,"8":94,"9":0,"10":0,"11":8,"12":4,"13":0,"14":8,"15":4,"16":0,"17":2,"18":11,"19":3,"20":2,"21":11,"22":3,"23":2,"24":2,"25":2,"26":2},"b":{"0":[2]}}
,"/Users/vadimkurnakov/projects/xtravel/src/parsers/parser/utils.ts": {"path":"/Users/vadimkurnakov/projects/xtravel/src/parsers/parser/utils.ts","statementMap":{"0":{"start":{"line":1,"column":0},"end":{"line":1,"column":30}},"1":{"start":{"line":7,"column":25},"end":{"line":24,"column":1}},"2":{"start":{"line":11,"column":2},"end":{"line":21,"column":null}},"3":{"start":{"line":12,"column":4},"end":{"line":20,"column":null}},"4":{"start":{"line":13,"column":26},"end":{"line":13,"column":94}},"5":{"start":{"line":14,"column":6},"end":{"line":14,"column":65}},"6":{"start":{"line":14,"column":29},"end":{"line":14,"column":64}},"7":{"start":{"line":16,"column":28},"end":{"line":17,"column":54}},"8":{"start":{"line":17,"column":25},"end":{"line":17,"column":53}},"9":{"start":{"line":19,"column":6},"end":{"line":19,"column":69}},"10":{"start":{"line":19,"column":29},"end":{"line":19,"column":68}},"11":{"start":{"line":23,"column":2},"end":{"line":23,"column":26}},"12":{"start":{"line":7,"column":13},"end":{"line":7,"column":25}},"13":{"start":{"line":26,"column":29},"end":{"line":31,"column":1}},"14":{"start":{"line":30,"column":2},"end":{"line":30,"column":78}},"15":{"start":{"line":30,"column":34},"end":{"line":30,"column":76}},"16":{"start":{"line":26,"column":13},"end":{"line":26,"column":29}},"17":{"start":{"line":33,"column":34},"end":{"line":38,"column":1}},"18":{"start":{"line":34,"column":14},"end":{"line":34,"column":54}},"19":{"start":{"line":35,"column":15},"end":{"line":35,"column":27}},"20":{"start":{"line":37,"column":2},"end":{"line":37,"column":23}},"21":{"start":{"line":33,"column":13},"end":{"line":33,"column":34}}},"fnMap":{"0":{"name":"(anonymous_1)","decl":{"start":{"line":7,"column":25},"end":{"line":7,"column":null}},"loc":{"start":{"line":10,"column":20},"end":{"line":24,"column":1}}},"1":{"name":"(anonymous_2)","decl":{"start":{"line":14,"column":13},"end":{"line":14,"column":14}},"loc":{"start":{"line":14,"column":29},"end":{"line":14,"column":64}}},"2":{"name":"(anonymous_3)","decl":{"start":{"line":17,"column":13},"end":{"line":17,"column":14}},"loc":{"start":{"line":17,"column":25},"end":{"line":17,"column":53}}},"3":{"name":"(anonymous_4)","decl":{"start":{"line":19,"column":13},"end":{"line":19,"column":14}},"loc":{"start":{"line":19,"column":29},"end":{"line":19,"column":68}}},"4":{"name":"(anonymous_5)","decl":{"start":{"line":26,"column":29},"end":{"line":26,"column":null}},"loc":{"start":{"line":29,"column":22},"end":{"line":31,"column":1}}},"5":{"name":"(anonymous_6)","decl":{"start":{"line":30,"column":19},"end":{"line":30,"column":20}},"loc":{"start":{"line":30,"column":34},"end":{"line":30,"column":76}}},"6":{"name":"(anonymous_7)","decl":{"start":{"line":33,"column":34},"end":{"line":33,"column":37}},"loc":{"start":{"line":33,"column":39},"end":{"line":38,"column":1}}}},"branchMap":{"0":{"loc":{"start":{"line":11,"column":2},"end":{"line":21,"column":null}},"type":"if","locations":[{"start":{"line":11,"column":2},"end":{"line":21,"column":null}}]},"1":{"loc":{"start":{"line":11,"column":6},"end":{"line":11,"column":43}},"type":"binary-expr","locations":[{"start":{"line":11,"column":6},"end":{"line":11,"column":23}},{"start":{"line":11,"column":27},"end":{"line":11,"column":43}}]},"2":{"loc":{"start":{"line":12,"column":4},"end":{"line":20,"column":null}},"type":"if","locations":[{"start":{"line":12,"column":4},"end":{"line":20,"column":null}},{"start":{"line":15,"column":11},"end":{"line":20,"column":null}}]}},"s":{"0":3,"1":3,"2":19,"3":11,"4":9,"5":9,"6":9,"7":2,"8":4,"9":2,"10":2,"11":8,"12":3,"13":3,"14":3,"15":15,"16":3,"17":3,"18":1,"19":1,"20":1,"21":3},"f":{"0":19,"1":9,"2":4,"3":2,"4":3,"5":15,"6":1},"b":{"0":[11],"1":[19,11],"2":[9,2]}}
,"/Users/vadimkurnakov/projects/xtravel/src/parsers/parser/utilsSteps.ts": {"path":"/Users/vadimkurnakov/projects/xtravel/src/parsers/parser/utilsSteps.ts","statementMap":{"0":{"start":{"line":1,"column":0},"end":{"line":1,"column":85}},"1":{"start":{"line":5,"column":31},"end":{"line":11,"column":1}},"2":{"start":{"line":9,"column":18},"end":{"line":9,"column":40}},"3":{"start":{"line":10,"column":2},"end":{"line":10,"column":25}},"4":{"start":{"line":5,"column":13},"end":{"line":5,"column":31}},"5":{"start":{"line":13,"column":31},"end":{"line":18,"column":1}},"6":{"start":{"line":17,"column":2},"end":{"line":17,"column":39}},"7":{"start":{"line":13,"column":13},"end":{"line":13,"column":31}},"8":{"start":{"line":20,"column":28},"end":{"line":28,"column":1}},"9":{"start":{"line":24,"column":23},"end":{"line":24,"column":45}},"10":{"start":{"line":25,"column":2},"end":{"line":25,"column":30}},"11":{"start":{"line":27,"column":2},"end":{"line":27,"column":56}},"12":{"start":{"line":20,"column":13},"end":{"line":20,"column":28}},"13":{"start":{"line":30,"column":34},"end":{"line":40,"column":1}},"14":{"start":{"line":34,"column":2},"end":{"line":34,"column":39}},"15":{"start":{"line":35,"column":23},"end":{"line":35,"column":45}},"16":{"start":{"line":37,"column":2},"end":{"line":37,"column":73}},"17":{"start":{"line":37,"column":49},"end":{"line":37,"column":71}},"18":{"start":{"line":39,"column":2},"end":{"line":39,"column":56}},"19":{"start":{"line":30,"column":13},"end":{"line":30,"column":34}},"20":{"start":{"line":42,"column":40},"end":{"line":46,"column":1}},"21":{"start":{"line":45,"column":2},"end":{"line":45,"column":35}},"22":{"start":{"line":42,"column":13},"end":{"line":42,"column":40}},"23":{"start":{"line":48,"column":33},"end":{"line":68,"column":1}},"24":{"start":{"line":55,"column":27},"end":{"line":55,"column":49}},"25":{"start":{"line":56,"column":2},"end":{"line":56,"column":34}},"26":{"start":{"line":57,"column":2},"end":{"line":57,"column":34}},"27":{"start":{"line":59,"column":2},"end":{"line":64,"column":null}},"28":{"start":{"line":60,"column":23},"end":{"line":60,"column":87}},"29":{"start":{"line":60,"column":56},"end":{"line":60,"column":80}},"30":{"start":{"line":61,"column":4},"end":{"line":63,"column":null}},"31":{"start":{"line":61,"column":17},"end":{"line":61,"column":18}},"32":{"start":{"line":62,"column":6},"end":{"line":62,"column":45}},"33":{"start":{"line":66,"column":2},"end":{"line":66,"column":40}},"34":{"start":{"line":67,"column":2},"end":{"line":67,"column":37}},"35":{"start":{"line":48,"column":13},"end":{"line":48,"column":33}},"36":{"start":{"line":70,"column":27},"end":{"line":85,"column":1}},"37":{"start":{"line":76,"column":27},"end":{"line":76,"column":49}},"38":{"start":{"line":77,"column":2},"end":{"line":77,"column":34}},"39":{"start":{"line":78,"column":2},"end":{"line":78,"column":34}},"40":{"start":{"line":80,"column":2},"end":{"line":80,"column":68}},"41":{"start":{"line":82,"column":2},"end":{"line":82,"column":49}},"42":{"start":{"line":83,"column":42},"end":{"line":83,"column":74}},"43":{"start":{"line":84,"column":2},"end":{"line":84,"column":49}},"44":{"start":{"line":70,"column":13},"end":{"line":70,"column":27}},"45":{"start":{"line":87,"column":32},"end":{"line":111,"column":1}},"46":{"start":{"line":94,"column":21},"end":{"line":94,"column":53}},"47":{"start":{"line":95,"column":2},"end":{"line":95,"column":28}},"48":{"start":{"line":96,"column":2},"end":{"line":96,"column":28}},"49":{"start":{"line":98,"column":29},"end":{"line":98,"column":51}},"50":{"start":{"line":99,"column":29},"end":{"line":99,"column":82}},"51":{"start":{"line":101,"column":27},"end":{"line":101,"column":58}},"52":{"start":{"line":102,"column":25},"end":{"line":104,"column":5}},"53":{"start":{"line":103,"column":4},"end":{"line":103,"column":98}},"54":{"start":{"line":103,"column":44},"end":{"line":103,"column":96}},"55":{"start":{"line":106,"column":20},"end":{"line":106,"column":72}},"56":{"start":{"line":106,"column":46},"end":{"line":106,"column":71}},"57":{"start":{"line":107,"column":27},"end":{"line":107,"column":70}},"58":{"start":{"line":109,"column":20},"end":{"line":109,"column":83}},"59":{"start":{"line":109,"column":56},"end":{"line":109,"column":82}},"60":{"start":{"line":110,"column":2},"end":{"line":110,"column":27}},"61":{"start":{"line":87,"column":13},"end":{"line":87,"column":32}},"62":{"start":{"line":113,"column":29},"end":{"line":135,"column":1}},"63":{"start":{"line":122,"column":21},"end":{"line":122,"column":45}},"64":{"start":{"line":124,"column":32},"end":{"line":124,"column":76}},"65":{"start":{"line":125,"column":2},"end":{"line":125,"column":50}},"66":{"start":{"line":127,"column":27},"end":{"line":127,"column":54}},"67":{"start":{"line":128,"column":2},"end":{"line":128,"column":34}},"68":{"start":{"line":129,"column":2},"end":{"line":129,"column":34}},"69":{"start":{"line":130,"column":2},"end":{"line":130,"column":52}},"70":{"start":{"line":132,"column":2},"end":{"line":132,"column":54}},"71":{"start":{"line":133,"column":26},"end":{"line":133,"column":63}},"72":{"start":{"line":134,"column":2},"end":{"line":134,"column":33}},"73":{"start":{"line":113,"column":13},"end":{"line":113,"column":29}},"74":{"start":{"line":137,"column":34},"end":{"line":175,"column":1}},"75":{"start":{"line":146,"column":21},"end":{"line":146,"column":53}},"76":{"start":{"line":147,"column":2},"end":{"line":147,"column":28}},"77":{"start":{"line":148,"column":2},"end":{"line":148,"column":28}},"78":{"start":{"line":150,"column":29},"end":{"line":150,"column":44}},"79":{"start":{"line":151,"column":29},"end":{"line":151,"column":62}},"80":{"start":{"line":152,"column":24},"end":{"line":152,"column":82}},"81":{"start":{"line":154,"column":27},"end":{"line":154,"column":53}},"82":{"start":{"line":156,"column":32},"end":{"line":156,"column":63}},"83":{"start":{"line":157,"column":17},"end":{"line":160,"column":5}},"84":{"start":{"line":158,"column":4},"end":{"line":159,"column":72}},"85":{"start":{"line":159,"column":27},"end":{"line":159,"column":70}},"86":{"start":{"line":159,"column":55},"end":{"line":159,"column":69}},"87":{"start":{"line":162,"column":21},"end":{"line":162,"column":71}},"88":{"start":{"line":162,"column":44},"end":{"line":162,"column":70}},"89":{"start":{"line":163,"column":28},"end":{"line":163,"column":54}},"90":{"start":{"line":165,"column":26},"end":{"line":166,"column":34}},"91":{"start":{"line":167,"column":16},"end":{"line":169,"column":5}},"92":{"start":{"line":168,"column":4},"end":{"line":168,"column":54}},"93":{"start":{"line":168,"column":38},"end":{"line":168,"column":52}},"94":{"start":{"line":170,"column":20},"end":{"line":170,"column":62}},"95":{"start":{"line":170,"column":41},"end":{"line":170,"column":61}},"96":{"start":{"line":171,"column":27},"end":{"line":171,"column":61}},"97":{"start":{"line":173,"column":29},"end":{"line":173,"column":62}},"98":{"start":{"line":174,"column":2},"end":{"line":174,"column":36}},"99":{"start":{"line":137,"column":13},"end":{"line":137,"column":34}},"100":{"start":{"line":177,"column":30},"end":{"line":201,"column":1}},"101":{"start":{"line":186,"column":21},"end":{"line":186,"column":45}},"102":{"start":{"line":187,"column":28},"end":{"line":187,"column":68}},"103":{"start":{"line":189,"column":2},"end":{"line":189,"column":44}},"104":{"start":{"line":190,"column":21},"end":{"line":190,"column":90}},"105":{"start":{"line":190,"column":59},"end":{"line":190,"column":83}},"106":{"start":{"line":191,"column":2},"end":{"line":193,"column":null}},"107":{"start":{"line":191,"column":15},"end":{"line":191,"column":16}},"108":{"start":{"line":192,"column":4},"end":{"line":192,"column":43}},"109":{"start":{"line":195,"column":27},"end":{"line":195,"column":54}},"110":{"start":{"line":196,"column":2},"end":{"line":196,"column":34}},"111":{"start":{"line":197,"column":2},"end":{"line":197,"column":56}},"112":{"start":{"line":199,"column":42},"end":{"line":199,"column":96}},"113":{"start":{"line":200,"column":2},"end":{"line":200,"column":49}},"114":{"start":{"line":177,"column":13},"end":{"line":177,"column":30}},"115":{"start":{"line":203,"column":35},"end":{"line":240,"column":1}},"116":{"start":{"line":212,"column":23},"end":{"line":212,"column":57}},"117":{"start":{"line":213,"column":2},"end":{"line":213,"column":28}},"118":{"start":{"line":214,"column":2},"end":{"line":214,"column":28}},"119":{"start":{"line":216,"column":29},"end":{"line":216,"column":44}},"120":{"start":{"line":217,"column":29},"end":{"line":217,"column":62}},"121":{"start":{"line":218,"column":24},"end":{"line":218,"column":82}},"122":{"start":{"line":220,"column":27},"end":{"line":220,"column":53}},"123":{"start":{"line":222,"column":32},"end":{"line":222,"column":64}},"124":{"start":{"line":223,"column":38},"end":{"line":223,"column":76}},"125":{"start":{"line":224,"column":17},"end":{"line":226,"column":5}},"126":{"start":{"line":225,"column":4},"end":{"line":225,"column":53}},"127":{"start":{"line":225,"column":37},"end":{"line":225,"column":51}},"128":{"start":{"line":228,"column":21},"end":{"line":228,"column":92}},"129":{"start":{"line":228,"column":44},"end":{"line":228,"column":91}},"130":{"start":{"line":229,"column":28},"end":{"line":229,"column":64}},"131":{"start":{"line":231,"column":4},"end":{"line":231,"column":76}},"132":{"start":{"line":232,"column":16},"end":{"line":234,"column":5}},"133":{"start":{"line":233,"column":4},"end":{"line":233,"column":54}},"134":{"start":{"line":233,"column":38},"end":{"line":233,"column":52}},"135":{"start":{"line":235,"column":20},"end":{"line":235,"column":62}},"136":{"start":{"line":235,"column":41},"end":{"line":235,"column":61}},"137":{"start":{"line":236,"column":27},"end":{"line":236,"column":61}},"138":{"start":{"line":238,"column":29},"end":{"line":238,"column":62}},"139":{"start":{"line":239,"column":2},"end":{"line":239,"column":36}},"140":{"start":{"line":203,"column":13},"end":{"line":203,"column":35}}},"fnMap":{"0":{"name":"(anonymous_0)","decl":{"start":{"line":5,"column":31},"end":{"line":5,"column":36}},"loc":{"start":{"line":8,"column":4},"end":{"line":11,"column":1}}},"1":{"name":"(anonymous_1)","decl":{"start":{"line":13,"column":31},"end":{"line":13,"column":36}},"loc":{"start":{"line":16,"column":4},"end":{"line":18,"column":1}}},"2":{"name":"(anonymous_2)","decl":{"start":{"line":20,"column":28},"end":{"line":20,"column":33}},"loc":{"start":{"line":23,"column":4},"end":{"line":28,"column":1}}},"3":{"name":"(anonymous_3)","decl":{"start":{"line":30,"column":34},"end":{"line":30,"column":39}},"loc":{"start":{"line":33,"column":4},"end":{"line":40,"column":1}}},"4":{"name":"(anonymous_4)","decl":{"start":{"line":37,"column":31},"end":{"line":37,"column":45}},"loc":{"start":{"line":37,"column":49},"end":{"line":37,"column":71}}},"5":{"name":"(anonymous_5)","decl":{"start":{"line":42,"column":40},"end":{"line":42,"column":45}},"loc":{"start":{"line":44,"column":4},"end":{"line":46,"column":1}}},"6":{"name":"(anonymous_6)","decl":{"start":{"line":48,"column":33},"end":{"line":48,"column":38}},"loc":{"start":{"line":54,"column":4},"end":{"line":68,"column":1}}},"7":{"name":"(anonymous_7)","decl":{"start":{"line":60,"column":50},"end":{"line":60,"column":52}},"loc":{"start":{"line":60,"column":56},"end":{"line":60,"column":80}}},"8":{"name":"(anonymous_8)","decl":{"start":{"line":70,"column":27},"end":{"line":70,"column":32}},"loc":{"start":{"line":75,"column":4},"end":{"line":85,"column":1}}},"9":{"name":"(anonymous_9)","decl":{"start":{"line":87,"column":32},"end":{"line":87,"column":37}},"loc":{"start":{"line":93,"column":4},"end":{"line":111,"column":1}}},"10":{"name":"(anonymous_10)","decl":{"start":{"line":102,"column":64},"end":{"line":102,"column":65}},"loc":{"start":{"line":102,"column":75},"end":{"line":104,"column":3}}},"11":{"name":"(anonymous_11)","decl":{"start":{"line":103,"column":27},"end":{"line":103,"column":28}},"loc":{"start":{"line":103,"column":44},"end":{"line":103,"column":96}}},"12":{"name":"(anonymous_12)","decl":{"start":{"line":106,"column":40},"end":{"line":106,"column":42}},"loc":{"start":{"line":106,"column":46},"end":{"line":106,"column":71}}},"13":{"name":"(anonymous_13)","decl":{"start":{"line":109,"column":42},"end":{"line":109,"column":43}},"loc":{"start":{"line":109,"column":56},"end":{"line":109,"column":82}}},"14":{"name":"(anonymous_14)","decl":{"start":{"line":113,"column":29},"end":{"line":113,"column":34}},"loc":{"start":{"line":121,"column":4},"end":{"line":135,"column":1}}},"15":{"name":"(anonymous_15)","decl":{"start":{"line":137,"column":34},"end":{"line":137,"column":39}},"loc":{"start":{"line":145,"column":4},"end":{"line":175,"column":1}}},"16":{"name":"(anonymous_16)","decl":{"start":{"line":157,"column":61},"end":{"line":157,"column":62}},"loc":{"start":{"line":157,"column":71},"end":{"line":160,"column":3}}},"17":{"name":"(anonymous_17)","decl":{"start":{"line":159,"column":12},"end":{"line":159,"column":23}},"loc":{"start":{"line":159,"column":27},"end":{"line":159,"column":70}}},"18":{"name":"(anonymous_18)","decl":{"start":{"line":159,"column":49},"end":{"line":159,"column":51}},"loc":{"start":{"line":159,"column":55},"end":{"line":159,"column":69}}},"19":{"name":"(anonymous_19)","decl":{"start":{"line":162,"column":33},"end":{"line":162,"column":34}},"loc":{"start":{"line":162,"column":44},"end":{"line":162,"column":70}}},"20":{"name":"(anonymous_20)","decl":{"start":{"line":167,"column":54},"end":{"line":167,"column":55}},"loc":{"start":{"line":167,"column":70},"end":{"line":169,"column":3}}},"21":{"name":"(anonymous_21)","decl":{"start":{"line":168,"column":32},"end":{"line":168,"column":34}},"loc":{"start":{"line":168,"column":38},"end":{"line":168,"column":52}}},"22":{"name":"(anonymous_22)","decl":{"start":{"line":170,"column":31},"end":{"line":170,"column":32}},"loc":{"start":{"line":170,"column":41},"end":{"line":170,"column":61}}},"23":{"name":"(anonymous_23)","decl":{"start":{"line":177,"column":30},"end":{"line":177,"column":35}},"loc":{"start":{"line":185,"column":4},"end":{"line":201,"column":1}}},"24":{"name":"(anonymous_24)","decl":{"start":{"line":190,"column":53},"end":{"line":190,"column":55}},"loc":{"start":{"line":190,"column":59},"end":{"line":190,"column":83}}},"25":{"name":"(anonymous_25)","decl":{"start":{"line":203,"column":35},"end":{"line":203,"column":40}},"loc":{"start":{"line":211,"column":4},"end":{"line":240,"column":1}}},"26":{"name":"(anonymous_26)","decl":{"start":{"line":224,"column":67},"end":{"line":224,"column":68}},"loc":{"start":{"line":224,"column":81},"end":{"line":226,"column":3}}},"27":{"name":"(anonymous_27)","decl":{"start":{"line":225,"column":31},"end":{"line":225,"column":33}},"loc":{"start":{"line":225,"column":37},"end":{"line":225,"column":51}}},"28":{"name":"(anonymous_28)","decl":{"start":{"line":228,"column":33},"end":{"line":228,"column":34}},"loc":{"start":{"line":228,"column":44},"end":{"line":228,"column":91}}},"29":{"name":"(anonymous_29)","decl":{"start":{"line":232,"column":54},"end":{"line":232,"column":55}},"loc":{"start":{"line":232,"column":70},"end":{"line":234,"column":3}}},"30":{"name":"(anonymous_30)","decl":{"start":{"line":233,"column":32},"end":{"line":233,"column":34}},"loc":{"start":{"line":233,"column":38},"end":{"line":233,"column":52}}},"31":{"name":"(anonymous_31)","decl":{"start":{"line":235,"column":31},"end":{"line":235,"column":32}},"loc":{"start":{"line":235,"column":41},"end":{"line":235,"column":61}}}},"branchMap":{"0":{"loc":{"start":{"line":53,"column":2},"end":{"line":53,"column":25}},"type":"default-arg","locations":[{"start":{"line":53,"column":21},"end":{"line":53,"column":25}}]},"1":{"loc":{"start":{"line":59,"column":2},"end":{"line":64,"column":null}},"type":"if","locations":[{"start":{"line":59,"column":2},"end":{"line":64,"column":null}}]},"2":{"loc":{"start":{"line":60,"column":23},"end":{"line":60,"column":87}},"type":"binary-expr","locations":[{"start":{"line":60,"column":23},"end":{"line":60,"column":81}},{"start":{"line":60,"column":85},"end":{"line":60,"column":87}}]},"3":{"loc":{"start":{"line":122,"column":21},"end":{"line":122,"column":45}},"type":"cond-expr","locations":[{"start":{"line":122,"column":40},"end":{"line":122,"column":41}},{"start":{"line":122,"column":44},"end":{"line":122,"column":45}}]},"4":{"loc":{"start":{"line":186,"column":21},"end":{"line":186,"column":45}},"type":"cond-expr","locations":[{"start":{"line":186,"column":40},"end":{"line":186,"column":41}},{"start":{"line":186,"column":44},"end":{"line":186,"column":45}}]},"5":{"loc":{"start":{"line":190,"column":21},"end":{"line":190,"column":90}},"type":"binary-expr","locations":[{"start":{"line":190,"column":21},"end":{"line":190,"column":84}},{"start":{"line":190,"column":88},"end":{"line":190,"column":90}}]}},"s":{"0":2,"1":2,"2":1,"3":1,"4":2,"5":2,"6":2,"7":2,"8":2,"9":2,"10":2,"11":2,"12":2,"13":2,"14":0,"15":0,"16":0,"17":0,"18":0,"19":2,"20":2,"21":1,"22":2,"23":2,"24":3,"25":3,"26":3,"27":3,"28":2,"29":0,"30":2,"31":2,"32":10,"33":3,"34":3,"35":2,"36":2,"37":2,"38":2,"39":2,"40":2,"41":2,"42":2,"43":2,"44":2,"45":2,"46":1,"47":1,"48":1,"49":1,"50":1,"51":1,"52":1,"53":4,"54":0,"55":1,"56":4,"57":1,"58":1,"59":4,"60":1,"61":2,"62":2,"63":0,"64":0,"65":0,"66":0,"67":0,"68":0,"69":0,"70":0,"71":0,"72":0,"73":2,"74":2,"75":0,"76":0,"77":0,"78":0,"79":0,"80":0,"81":0,"82":0,"83":0,"84":0,"85":0,"86":0,"87":0,"88":0,"89":0,"90":0,"91":0,"92":0,"93":0,"94":0,"95":0,"96":0,"97":0,"98":0,"99":2,"100":2,"101":0,"102":0,"103":0,"104":0,"105":0,"106":0,"107":0,"108":0,"109":0,"110":0,"111":0,"112":0,"113":0,"114":2,"115":2,"116":0,"117":0,"118":0,"119":0,"120":0,"121":0,"122":0,"123":0,"124":0,"125":0,"126":0,"127":0,"128":0,"129":0,"130":0,"131":0,"132":0,"133":0,"134":0,"135":0,"136":0,"137":0,"138":0,"139":0,"140":2},"f":{"0":1,"1":2,"2":2,"3":0,"4":0,"5":1,"6":3,"7":0,"8":2,"9":1,"10":4,"11":0,"12":4,"13":4,"14":0,"15":0,"16":0,"17":0,"18":0,"19":0,"20":0,"21":0,"22":0,"23":0,"24":0,"25":0,"26":0,"27":0,"28":0,"29":0,"30":0,"31":0},"b":{"0":[2],"1":[2],"2":[2,0],"3":[0,0],"4":[0,0],"5":[0,0]}}
,"/Users/vadimkurnakov/projects/xtravel/src/parsers/rusNoVisa/config.ts": {"path":"/Users/vadimkurnakov/projects/xtravel/src/parsers/rusNoVisa/config.ts","statementMap":{"0":{"start":{"line":4,"column":12},"end":{"line":4,"column":55}},"1":{"start":{"line":5,"column":19},"end":{"line":5,"column":30}},"2":{"start":{"line":7,"column":13},"end":{"line":10,"column":2}}},"fnMap":{},"branchMap":{},"s":{"0":0,"1":0,"2":0},"f":{},"b":{}}
,"/Users/vadimkurnakov/projects/xtravel/src/parsers/rusNoVisa/index.ts": {"path":"/Users/vadimkurnakov/projects/xtravel/src/parsers/rusNoVisa/index.ts","statementMap":{"0":{"start":{"line":1,"column":0},"end":{"line":1,"column":53}},"1":{"start":{"line":2,"column":0},"end":{"line":2,"column":54}},"2":{"start":{"line":3,"column":0},"end":{"line":3,"column":65}},"3":{"start":{"line":4,"column":0},"end":{"line":4,"column":65}},"4":{"start":{"line":5,"column":0},"end":{"line":5,"column":62}},"5":{"start":{"line":11,"column":13},"end":{"line":19,"column":2}}},"fnMap":{},"branchMap":{},"s":{"0":0,"1":0,"2":0,"3":0,"4":0,"5":0},"f":{},"b":{}}
,"/Users/vadimkurnakov/projects/xtravel/src/parsers/rusNoVisa/normalizer.ts": {"path":"/Users/vadimkurnakov/projects/xtravel/src/parsers/rusNoVisa/normalizer.ts","statementMap":{"0":{"start":{"line":1,"column":0},"end":{"line":1,"column":40}},"1":{"start":{"line":13,"column":14},"end":{"line":18,"column":1}},"2":{"start":{"line":14,"column":2},"end":{"line":17,"column":4}},"3":{"start":{"line":20,"column":22},"end":{"line":36,"column":1}},"4":{"start":{"line":23,"column":24},"end":{"line":23,"column":27}},"5":{"start":{"line":24,"column":19},"end":{"line":24,"column":30}},"6":{"start":{"line":26,"column":23},"end":{"line":30,"column":54}},"7":{"start":{"line":28,"column":15},"end":{"line":28,"column":24}},"8":{"start":{"line":29,"column":18},"end":{"line":29,"column":20}},"9":{"start":{"line":30,"column":15},"end":{"line":30,"column":53}},"10":{"start":{"line":32,"column":2},"end":{"line":35,"column":4}},"11":{"start":{"line":38,"column":22},"end":{"line":61,"column":1}},"12":{"start":{"line":41,"column":24},"end":{"line":41,"column":27}},"13":{"start":{"line":42,"column":30},"end":{"line":42,"column":41}},"14":{"start":{"line":44,"column":23},"end":{"line":55,"column":6}},"15":{"start":{"line":46,"column":15},"end":{"line":46,"column":24}},"16":{"start":{"line":47,"column":18},"end":{"line":47,"column":20}},"17":{"start":{"line":49,"column":25},"end":{"line":49,"column":28}},"18":{"start":{"line":50,"column":6},"end":{"line":52,"column":null}},"19":{"start":{"line":51,"column":8},"end":{"line":51,"column":18}},"20":{"start":{"line":54,"column":6},"end":{"line":54,"column":24}},"21":{"start":{"line":57,"column":2},"end":{"line":60,"column":4}},"22":{"start":{"line":63,"column":23},"end":{"line":89,"column":1}},"23":{"start":{"line":64,"column":2},"end":{"line":66,"column":null}},"24":{"start":{"line":65,"column":4},"end":{"line":65,"column":18}},"25":{"start":{"line":68,"column":17},"end":{"line":68,"column":34}},"26":{"start":{"line":70,"column":2},"end":{"line":77,"column":null}},"27":{"start":{"line":76,"column":4},"end":{"line":76,"column":18}},"28":{"start":{"line":79,"column":23},"end":{"line":79,"column":28}},"29":{"start":{"line":80,"column":2},"end":{"line":80,"column":48}},"30":{"start":{"line":82,"column":26},"end":{"line":82,"column":41}},"31":{"start":{"line":83,"column":2},"end":{"line":86,"column":null}},"32":{"start":{"line":84,"column":21},"end":{"line":84,"column":29}},"33":{"start":{"line":85,"column":4},"end":{"line":85,"column":53}},"34":{"start":{"line":88,"column":2},"end":{"line":88,"column":18}},"35":{"start":{"line":91,"column":36},"end":{"line":102,"column":1}},"36":{"start":{"line":92,"column":25},"end":{"line":92,"column":32}},"37":{"start":{"line":93,"column":24},"end":{"line":97,"column":21}},"38":{"start":{"line":95,"column":15},"end":{"line":95,"column":24}},"39":{"start":{"line":96,"column":15},"end":{"line":96,"column":36}},"40":{"start":{"line":97,"column":18},"end":{"line":97,"column":20}},"41":{"start":{"line":99,"column":19},"end":{"line":99,"column":58}},"42":{"start":{"line":101,"column":2},"end":{"line":101,"column":18}},"43":{"start":{"line":104,"column":27},"end":{"line":117,"column":1}},"44":{"start":{"line":105,"column":27},"end":{"line":106,"column":20}},"45":{"start":{"line":108,"column":20},"end":{"line":114,"column":8}},"46":{"start":{"line":109,"column":4},"end":{"line":111,"column":null}},"47":{"start":{"line":110,"column":6},"end":{"line":110,"column":17}},"48":{"start":{"line":113,"column":4},"end":{"line":113,"column":23}},"49":{"start":{"line":116,"column":2},"end":{"line":116,"column":20}},"50":{"start":{"line":119,"column":23},"end":{"line":141,"column":1}},"51":{"start":{"line":122,"column":24},"end":{"line":122,"column":35}},"52":{"start":{"line":124,"column":19},"end":{"line":124,"column":44}},"53":{"start":{"line":125,"column":2},"end":{"line":130,"column":null}},"54":{"start":{"line":126,"column":4},"end":{"line":129,"column":6}},"55":{"start":{"line":131,"column":19},"end":{"line":131,"column":56}},"56":{"start":{"line":132,"column":20},"end":{"line":132,"column":58}},"57":{"start":{"line":134,"column":2},"end":{"line":140,"column":4}},"58":{"start":{"line":146,"column":16},"end":{"line":146,"column":76}},"59":{"start":{"line":148,"column":35},"end":{"line":150,"column":44}},"60":{"start":{"line":150,"column":17},"end":{"line":150,"column":44}},"61":{"start":{"line":148,"column":13},"end":{"line":148,"column":35}}},"fnMap":{"0":{"name":"(anonymous_1)","decl":{"start":{"line":13,"column":14},"end":{"line":13,"column":15}},"loc":{"start":{"line":13,"column":76},"end":{"line":18,"column":1}}},"1":{"name":"(anonymous_2)","decl":{"start":{"line":20,"column":22},"end":{"line":20,"column":null}},"loc":{"start":{"line":22,"column":29},"end":{"line":36,"column":1}}},"2":{"name":"(anonymous_3)","decl":{"start":{"line":28,"column":9},"end":{"line":28,"column":11}},"loc":{"start":{"line":28,"column":15},"end":{"line":28,"column":24}}},"3":{"name":"(anonymous_4)","decl":{"start":{"line":29,"column":12},"end":{"line":29,"column":14}},"loc":{"start":{"line":29,"column":18},"end":{"line":29,"column":20}}},"4":{"name":"(anonymous_5)","decl":{"start":{"line":30,"column":9},"end":{"line":30,"column":11}},"loc":{"start":{"line":30,"column":15},"end":{"line":30,"column":53}}},"5":{"name":"(anonymous_6)","decl":{"start":{"line":38,"column":22},"end":{"line":38,"column":null}},"loc":{"start":{"line":40,"column":36},"end":{"line":61,"column":1}}},"6":{"name":"(anonymous_7)","decl":{"start":{"line":46,"column":9},"end":{"line":46,"column":11}},"loc":{"start":{"line":46,"column":15},"end":{"line":46,"column":24}}},"7":{"name":"(anonymous_8)","decl":{"start":{"line":47,"column":12},"end":{"line":47,"column":14}},"loc":{"start":{"line":47,"column":18},"end":{"line":47,"column":20}}},"8":{"name":"(anonymous_9)","decl":{"start":{"line":48,"column":9},"end":{"line":48,"column":11}},"loc":{"start":{"line":48,"column":14},"end":{"line":55,"column":5}}},"9":{"name":"(anonymous_10)","decl":{"start":{"line":63,"column":23},"end":{"line":63,"column":24}},"loc":{"start":{"line":63,"column":65},"end":{"line":89,"column":1}}},"10":{"name":"(anonymous_11)","decl":{"start":{"line":91,"column":36},"end":{"line":91,"column":37}},"loc":{"start":{"line":91,"column":69},"end":{"line":102,"column":1}}},"11":{"name":"(anonymous_12)","decl":{"start":{"line":95,"column":9},"end":{"line":95,"column":11}},"loc":{"start":{"line":95,"column":15},"end":{"line":95,"column":24}}},"12":{"name":"(anonymous_13)","decl":{"start":{"line":96,"column":9},"end":{"line":96,"column":11}},
[...]
tart":{"line":37,"column":28},"end":{"line":41,"column":1}},"19":{"start":{"line":38,"column":2},"end":{"line":40,"column":5}},"20":{"start":{"line":39,"column":4},"end":{"line":39,"column":32}},"21":{"start":{"line":37,"column":13},"end":{"line":37,"column":28}},"22":{"start":{"line":44,"column":36},"end":{"line":64,"column":1}},"23":{"start":{"line":48,"column":36},"end":{"line":61,"column":3}},"24":{"start":{"line":49,"column":23},"end":{"line":49,"column":35}},"25":{"start":{"line":50,"column":29},"end":{"line":50,"column":91}},"26":{"start":{"line":52,"column":4},"end":{"line":54,"column":null}},"27":{"start":{"line":53,"column":6},"end":{"line":53,"column":95}},"28":{"start":{"line":53,"column":49},"end":{"line":53,"column":93}},"29":{"start":{"line":56,"column":4},"end":{"line":60,"column":7}},"30":{"start":{"line":57,"column":25},"end":{"line":57,"column":55}},"31":{"start":{"line":58,"column":6},"end":{"line":59,"column":32}},"32":{"start":{"line":59,"column":20},"end":{"line":59,"column":30}},"33":{"start":{"line":63,"column":2},"end":{"line":63,"column":17}},"34":{"start":{"line":44,"column":13},"end":{"line":44,"column":36}}},"fnMap":{"0":{"name":"(anonymous_0)","decl":{"start":{"line":11,"column":22},"end":{"line":11,"column":23}},"loc":{"start":{"line":11,"column":50},"end":{"line":13,"column":1}}},"1":{"name":"(anonymous_1)","decl":{"start":{"line":16,"column":30},"end":{"line":16,"column":34}},"loc":{"start":{"line":16,"column":55},"end":{"line":18,"column":1}}},"2":{"name":"(anonymous_2)","decl":{"start":{"line":21,"column":30},"end":{"line":21,"column":34}},"loc":{"start":{"line":21,"column":69},"end":{"line":27,"column":1}}},"3":{"name":"(anonymous_3)","decl":{"start":{"line":30,"column":26},"end":{"line":30,"column":27}},"loc":{"start":{"line":30,"column":65},"end":{"line":34,"column":1}}},"4":{"name":"(anonymous_4)","decl":{"start":{"line":31,"column":29},"end":{"line":31,"column":30}},"loc":{"start":{"line":31,"column":45},"end":{"line":33,"column":3}}},"5":{"name":"(anonymous_5)","decl":{"start":{"line":37,"column":28},"end":{"line":37,"column":29}},"loc":{"start":{"line":37,"column":68},"end":{"line":41,"column":1}}},"6":{"name":"(anonymous_6)","decl":{"start":{"line":38,"column":29},"end":{"line":38,"column":30}},"loc":{"start":{"line":38,"column":45},"end":{"line":40,"column":3}}},"7":{"name":"(anonymous_7)","decl":{"start":{"line":44,"column":36},"end":{"line":44,"column":null}},"loc":{"start":{"line":47,"column":4},"end":{"line":64,"column":1}}},"8":{"name":"(anonymous_8)","decl":{"start":{"line":48,"column":36},"end":{"line":48,"column":41}},"loc":{"start":{"line":48,"column":54},"end":{"line":61,"column":3}}},"9":{"name":"(anonymous_9)","decl":{"start":{"line":53,"column":25},"end":{"line":53,"column":26}},"loc":{"start":{"line":53,"column":49},"end":{"line":53,"column":93}}},"10":{"name":"(anonymous_10)","decl":{"start":{"line":56,"column":35},"end":{"line":56,"column":36}},"loc":{"start":{"line":56,"column":48},"end":{"line":60,"column":5}}},"11":{"name":"(anonymous_11)","decl":{"start":{"line":59,"column":14},"end":{"line":59,"column":17}},"loc":{"start":{"line":59,"column":20},"end":{"line":59,"column":30}}}},"branchMap":{"0":{"loc":{"start":{"line":22,"column":2},"end":{"line":24,"column":null}},"type":"if","locations":[{"start":{"line":22,"column":2},"end":{"line":24,"column":null}}]},"1":{"loc":{"start":{"line":46,"column":2},"end":{"line":46,"column":33}},"type":"default-arg","locations":[{"start":{"line":46,"column":16},"end":{"line":46,"column":33}}]},"2":{"loc":{"start":{"line":52,"column":4},"end":{"line":54,"column":null}},"type":"if","locations":[{"start":{"line":52,"column":4},"end":{"line":54,"column":null}}]},"3":{"loc":{"start":{"line":52,"column":8},"end":{"line":52,"column":81}},"type":"binary-expr","locations":[{"start":{"line":52,"column":8},"end":{"line":52,"column":24}},{"start":{"line":52,"column":28},"end":{"line":52,"column":81}}]}},"s":{"0":1,"1":1,"2":1,"3":1,"4":8,"5":1,"6":1,"7":12,"8":1,"9":1,"10":10,"11":4,"12":6,"13":1,"14":1,"15":5,"16":5,"17":1,"18":1,"19":5,"20":5,"21":1,"22":1,"23":2,"24":4,"25":4,"26":4,"27":1,"28":1,"29":3,"30":3,"31":3,"32":3,"33":2,"34":1},"f":{"0":8,"1":12,"2":10,"3":5,"4":5,"5":5,"6":5,"7":2,"8":4,"9":1,"10":3,"11":3},"b":{"0":[4],"1":[2],"2":[1],"3":[4,2]}}
,"/Users/vadimkurnakov/projects/xtravel/src/utils/cache/redis/utils.ts": {"path":"/Users/vadimkurnakov/projects/xtravel/src/utils/cache/redis/utils.ts","statementMap":{"0":{"start":{"line":1,"column":0},"end":{"line":1,"column":37}},"1":{"start":{"line":4,"column":0},"end":{"line":4,"column":37}},"2":{"start":{"line":7,"column":17},"end":{"line":7,"column":41}},"3":{"start":{"line":9,"column":35},"end":{"line":39,"column":1}},"4":{"start":{"line":10,"column":34},"end":{"line":10,"column":65}},"5":{"start":{"line":11,"column":20},"end":{"line":11,"column":25}},"6":{"start":{"line":13,"column":23},"end":{"line":24,"column":3}},"7":{"start":{"line":14,"column":4},"end":{"line":20,"column":null}},"8":{"start":{"line":15,"column":6},"end":{"line":15,"column":25}},"9":{"start":{"line":16,"column":6},"end":{"line":19,"column":9}},"10":{"start":{"line":17,"column":8},"end":{"line":17,"column":39}},"11":{"start":{"line":18,"column":8},"end":{"line":18,"column":22}},"12":{"start":{"line":22,"column":4},"end":{"line":22,"column":43}},"13":{"start":{"line":23,"column":4},"end":{"line":23,"column":78}},"14":{"start":{"line":23,"column":57},"end":{"line":23,"column":76}},"15":{"start":{"line":26,"column":26},"end":{"line":36,"column":3}},"16":{"start":{"line":27,"column":4},"end":{"line":30,"column":null}},"17":{"start":{"line":28,"column":6},"end":{"line":28,"column":41}},"18":{"start":{"line":29,"column":6},"end":{"line":29,"column":48}},"19":{"start":{"line":32,"column":4},"end":{"line":35,"column":7}},"20":{"start":{"line":33,"column":6},"end":{"line":33,"column":40}},"21":{"start":{"line":34,"column":6},"end":{"line":34,"column":20}},"22":{"start":{"line":38,"column":2},"end":{"line":38,"column":43}},"23":{"start":{"line":41,"column":13},"end":{"line":41,"column":49}}},"fnMap":{"0":{"name":"(anonymous_0)","decl":{"start":{"line":9,"column":35},"end":{"line":9,"column":38}},"loc":{"start":{"line":9,"column":40},"end":{"line":39,"column":1}}},"1":{"name":"(anonymous_1)","decl":{"start":{"line":13,"column":23},"end":{"line":13,"column":26}},"loc":{"start":{"line":13,"column":28},"end":{"line":24,"column":3}}},"2":{"name":"(anonymous_2)","decl":{"start":{"line":16,"column":35},"end":{"line":16,"column":38}},"loc":{"start":{"line":16,"column":40},"end":{"line":19,"column":7}}},"3":{"name":"(anonymous_3)","decl":{"start":{"line":23,"column":40},"end":{"line":23,"column":41}},"loc":{"start":{"line":23,"column":57},"end":{"line":23,"column":76}}},"4":{"name":"(anonymous_4)","decl":{"start":{"line":26,"column":26},"end":{"line":26,"column":29}},"loc":{"start":{"line":26,"column":31},"end":{"line":36,"column":3}}},"5":{"name":"(anonymous_5)","decl":{"start":{"line":32,"column":36},"end":{"line":32,"column":39}},"loc":{"start":{"line":32,"column":41},"end":{"line":35,"column":5}}}},"branchMap":{"0":{"loc":{"start":{"line":14,"column":4},"end":{"line":20,"column":null}},"type":"if","locations":[{"start":{"line":14,"column":4},"end":{"line":20,"column":null}}]},"1":{"loc":{"start":{"line":27,"column":4},"end":{"line":30,"column":null}},"type":"if","locations":[{"start":{"line":27,"column":4},"end":{"line":30,"column":null}}]}},"s":{"0":1,"1":1,"2":1,"3":1,"4":1,"5":1,"6":1,"7":0,"8":0,"9":0,"10":0,"11":0,"12":0,"13":0,"14":0,"15":1,"16":0,"17":0,"18":0,"19":0,"20":0,"21":0,"22":1,"23":1},"f":{"0":1,"1":0,"2":0,"3":0,"4":0,"5":0},"b":{"0":[0],"1":[0]}}
,"/Users/vadimkurnakov/projects/xtravel/src/utils/network/network.ts": {"path":"/Users/vadimkurnakov/projects/xtravel/src/utils/network/network.ts","statementMap":{"0":{"start":{"line":1,"column":0},"end":{"line":1,"column":26}},"1":{"start":{"line":3,"column":0},"end":{"line":3,"column":49}},"2":{"start":{"line":4,"column":0},"end":{"line":4,"column":59}},"3":{"start":{"line":5,"column":0},"end":{"line":5,"column":36}},"4":{"start":{"line":9,"column":57},"end":{"line":12,"column":1}},"5":{"start":{"line":10,"column":2},"end":{"line":10,"column":43}},"6":{"start":{"line":11,"column":2},"end":{"line":11,"column":67}},"7":{"start":{"line":11,"column":52},"end":{"line":11,"column":65}},"8":{"start":{"line":9,"column":13},"end":{"line":9,"column":57}},"9":{"start":{"line":14,"column":13},"end":{"line":15,"column":66}}},"fnMap":{"0":{"name":"(anonymous_1)","decl":{"start":{"line":9,"column":57},"end":{"line":9,"column":58}},"loc":{"start":{"line":9,"column":74},"end":{"line":12,"column":1}}},"1":{"name":"(anonymous_2)","decl":{"start":{"line":11,"column":38},"end":{"line":11,"column":39}},"loc":{"start":{"line":11,"column":52},"end":{"line":11,"column":65}}}},"branchMap":{},"s":{"0":0,"1":0,"2":0,"3":0,"4":0,"5":0,"6":0,"7":0,"8":0,"9":0},"f":{"0":0,"1":0},"b":{}}
,"/Users/vadimkurnakov/projects/xtravel/src/utils/network/headless/goBySteps.ts": {"path":"/Users/vadimkurnakov/projects/xtravel/src/utils/network/headless/goBySteps.ts","statementMap":{"0":{"start":{"line":8,"column":25},"end":{"line":22,"column":1}},"1":{"start":{"line":9,"column":36},"end":{"line":9,"column":71}},"2":{"start":{"line":9,"column":61},"end":{"line":9,"column":70}},"3":{"start":{"line":10,"column":26},"end":{"line":19,"column":19}},"4":{"start":{"line":11,"column":4},"end":{"line":14,"column":null}},"5":{"start":{"line":12,"column":6},"end":{"line":12,"column":25}},"6":{"start":{"line":13,"column":6},"end":{"line":13,"column":17}},"7":{"start":{"line":17,"column":4},"end":{"line":17,"column":39}},"8":{"start":{"line":17,"column":25},"end":{"line":17,"column":37}},"9":{"start":{"line":18,"column":4},"end":{"line":18,"column":15}},"10":{"start":{"line":21,"column":2},"end":{"line":21,"column":25}},"11":{"start":{"line":8,"column":13},"end":{"line":8,"column":25}}},"fnMap":{"0":{"name":"(anonymous_0)","decl":{"start":{"line":8,"column":25},"end":{"line":8,"column":26}},"loc":{"start":{"line":8,"column":77},"end":{"line":22,"column":1}}},"1":{"name":"(anonymous_1)","decl":{"start":{"line":9,"column":48},"end":{"line":9,"column":49}},"loc":{"start":{"line":9,"column":61},"end":{"line":9,"column":70}}},"2":{"name":"(anonymous_2)","decl":{"start":{"line":10,"column":39},"end":{"line":10,"column":40}},"loc":{"start":{"line":10,"column":67},"end":{"line":19,"column":3}}},"3":{"name":"(anonymous_3)","decl":{"start":{"line":17,"column":19},"end":{"line":17,"column":22}},"loc":{"start":{"line":17,"column":25},"end":{"line":17,"column":37}}}},"branchMap":{"0":{"loc":{"start":{"line":11,"column":4},"end":{"line":14,"column":null}},"type":"if","locations":[{"start":{"line":11,"column":4},"end":{"line":14,"column":null}}]}},"s":{"0":2,"1":2,"2":2,"3":2,"4":13,"5":2,"6":2,"7":11,"8":11,"9":11,"10":2,"11":2},"f":{"0":2,"1":2,"2":13,"3":11},"b":{"0":[2]}}
,"/Users/vadimkurnakov/projects/xtravel/src/utils/network/headless/index.ts": {"path":"/Users/vadimkurnakov/projects/xtravel/src/utils/network/headless/index.ts","statementMap":{"0":{"start":{"line":1,"column":0},"end":{"line":1,"column":52}},"1":{"start":{"line":2,"column":0},"end":{"line":2,"column":102}},"2":{"start":{"line":3,"column":0},"end":{"line":3,"column":40}},"3":{"start":{"line":4,"column":0},"end":{"line":4,"column":62}},"4":{"start":{"line":5,"column":0},"end":{"line":5,"column":39}},"5":{"start":{"line":10,"column":25},"end":{"line":18,"column":1}},"6":{"start":{"line":11,"column":24},"end":{"line":11,"column":51}},"7":{"start":{"line":13,"column":2},"end":{"line":15,"column":null}},"8":{"start":{"line":14,"column":4},"end":{"line":14,"column":42}},"9":{"start":{"line":17,"column":2},"end":{"line":17,"column":23}},"10":{"start":{"line":20,"column":66},"end":{"line":45,"column":1}},"11":{"start":{"line":24,"column":2},"end":{"line":24,"column":43}},"12":{"start":{"line":25,"column":24},"end":{"line":25,"column":46}},"13":{"start":{"line":26,"column":36},"end":{"line":26,"column":78}},"14":{"start":{"line":28,"column":2},"end":{"line":28,"column":33}},"15":{"start":{"line":29,"column":2},"end":{"line":29,"column":49}},"16":{"start":{"line":30,"column":2},"end":{"line":30,"column":31}},"17":{"start":{"line":32,"column":2},"end":{"line":32,"column":28}},"18":{"start":{"line":33,"column":22},"end":{"line":33,"column":50}},"19":{"start":{"line":34,"column":2},"end":{"line":34,"column":26}},"20":{"start":{"line":36,"column":22},"end":{"line":36,"column":36}},"21":{"start":{"line":37,"column":2},"end":{"line":37,"column":53}},"22":{"start":{"line":39,"column":2},"end":{"line":42,"column":null}},"23":{"start":{"line":40,"column":4},"end":{"line":40,"column":41}},"24":{"start":{"line":41,"column":4},"end":{"line":41,"column":23}},"25":{"start":{"line":44,"column":2},"end":{"line":44,"column":21}},"26":{"start":{"line":20,"column":13},"end":{"line":20,"column":66}},"27":{"start":{"line":47,"column":13},"end":{"line":48,"column":75}}},"fnMap":{"0":{"name":"(anonymous_0)","decl":{"start":{"line":10,"column":25},"end":{"line":10,"column":26}},"loc":{"start":{"line":10,"column":50},"end":{"line":18,"column":1}}},"1":{"name":"(anonymous_1)","decl":{"start":{"line":20,"column":66},"end":{"line":20,"column":71}},"loc":{"start":{"line":23,"column":21},"end":{"line":45,"column":1}}}},"branchMap":{"0":{"loc":{"start":{"line":13,"column":2},"end":{"line":15,"column":null}},"type":"if","locations":[{"start":{"line":13,"column":2},"end":{"line":15,"column":null}}]},"1":{"loc":{"start":{"line":39,"column":2},"end":{"line":42,"column":null}},"type":"if","locations":[{"start":{"line":39,"column":2},"end":{"line":42,"column":null}}]}},"s":{"0":0,"1":0,"2":0,"3":0,"4":0,"5":0,"6":0,"7":0,"8":0,"9":0,"10":0,"11":0,"12":0,"13":0,"14":0,"15":0,"16":0,"17":0,"18":0,"19":0,"20":0,"21":0,"22":0,"23":0,"24":0,"25":0,"26":0,"27":0},"f":{"0":0,"1":0},"b":{"0":[0],"1":[0]}}
,"/Users/vadimkurnakov/projects/xtravel/src/utils/network/headless/launchBrowser.ts": {"path":"/Users/vadimkurnakov/projects/xtravel/src/utils/network/headless/launchBrowser.ts","statementMap":{"0":{"start":{"line":1,"column":0},"end":{"line":1,"column":40}},"1":{"start":{"line":2,"column":0},"end":{"line":2,"column":59}},"2":{"start":{"line":3,"column":0},"end":{"line":3,"column":61}},"3":{"start":{"line":4,"column":0},"end":{"line":4,"column":59}},"4":{"start":{"line":5,"column":0},"end":{"line":5,"column":68}},"5":{"start":{"line":8,"column":0},"end":{"line":8,"column":40}},"6":{"start":{"line":9,"column":0},"end":{"line":9,"column":39}},"7":{"start":{"line":12,"column":13},"end":{"line":14,"column":2}},"8":{"start":{"line":16,"column":16},"end":{"line":16,"column":33}},"9":{"start":{"line":17,"column":25},"end":{"line":20,"column":2}},"10":{"start":{"line":22,"column":23},"end":{"line":29,"column":2}},"11":{"start":{"line":32,"column":23},"end":{"line":32,"column":28}},"12":{"start":{"line":34,"column":46},"end":{"line":53,"column":2}},"13":{"start":{"line":55,"column":27},"end":{"line":74,"column":1}},"14":{"start":{"line":56,"column":31},"end":{"line":56,"column":57}},"15":{"start":{"line":57,"column":22},"end":{"line":71,"column":4}},"16":{"start":{"line":73,"column":2},"end":{"line":73,"column":21}},"17":{"start":{"line":76,"column":22},"end":{"line":80,"column":1}},"18":{"start":{"line":77,"column":2},"end":{"line":79,"column":11}},"19":{"start":{"line":78,"column":4},"end":{"line":78,"column":26}},"20":{"start":{"line":82,"column":22},"end":{"line":90,"column":1}},"21":{"start":{"line":86,"column":19},"end":{"line":86,"column":68}},"22":{"start":{"line":87,"column":2},"end":{"line":87,"column":68}},"23":{"start":{"line":89,"column":2},"end":{"line":89,"column":18}},"24":{"start":{"line":92,"column":26},"end":{"line":97,"column":1}},"25":{"start":{"line":93,"column":30},"end":{"line":93,"column":55}},"26":{"start":{"line":94,"column":22},"end":{"line":94,"column":42}},"27":{"start":{"line":96,"column":2},"end":{"line":96,"column":76}},"28":{"start":{"line":99,"column":19},"end":{"line":110,"column":1}},"29":{"start":{"line":105,"column":2},"end":{"line":109,"column":5}},"30":{"start":{"line":112,"column":28},"end":{"line":122,"column":1}},"31":{"start":{"line":117,"column":2},"end":{"line":121,"column":5}},"32":{"start":{"line":118,"column":4},"end":{"line":118,"column":33}},"33":{"start":{"line":119,"column":4},"end":{"line":119,"column":26}},"34":{"start":{"line":120,"column":4},"end":{"line":120,"column":21}},"35":{"start":{"line":124,"column":37},"end":{"line":138,"column":1}},"36":{"start":{"line":127,"column":2},"end":{"line":127,"column":18}},"37":{"start":{"line":129,"column":18},"end":{"line":129,"column":55}},"38":{"start":{"line":130,"column":17},"end":{"line":130,"column":38}},"39":{"start":{"line":131,"column":19},"end":{"line":131,"column":59}},"40":{"start":{"line":133,"column":2},"end":{"line":133,"column":25}},"41":{"start":{"line":134,"column":2},"end":{"line":134,"column":32}},"42":{"start":{"line":135,"column":2},"end":{"line":135,"column":53}},"43":{"start":{"line":137,"column":2},"end":{"line":137,"column":35}},"44":{"start":{"line":124,"column":13},"end":{"line":124,"column":37}},"45":{"start":{"line":140,"column":35},"end":{"line":153,"column":1}},"46":{"start":{"line":145,"column":2},"end":{"line":145,"column":24}},"47":{"start":{"line":146,"column":2},"end":{"line":146,"column":33}},"48":{"start":{"line":148,"column":2},"end":{"line":148,"column":21}},"49":{"start":{"line":149,"column":2},"end":{"line":149,"column":28}},"50":{"start":{"line":151,"column":2},"end":{"line":151,"column":24}},"51":{"start":{"line":152,"column":2},"end":{"line":152,"column":31}},"52":{"start":{"line":140,"column":13},"end":{"line":140,"column":35}}},"fnMap":{"0":{"name":"(anonymous_1)","decl":{"start":{"line":55,"column":27},"end":{"line":55,"column":30}},"loc":{"start":{"line":55,"column":32},"end":{"line":74,"column":1}}},"1":{"name":"(anonymous_2)","decl":{"start":{"line":76,"column":22},"end":{"line":76,"column":25}},"loc":{"start":{"line":76,"column":27},"end":{"line":80,"column":1}}},"2":{"name":"(anonymous_3)","decl":{"start":{"line":77,"column":18},"end":{"line":77,"column":19}},"loc":{"start":{"line":77,"column":29},"end":{"line":79,"column":3}}},"3":{"name":"(anonymous_4)","decl":{"start":{"line":82,"column":22},"end":{"line":82,"column":27}},"loc":{"start":{"line":85,"column":38},"end":{"line":90,"column":1}}},"4":{"name":"(anonymous_5)","decl":{"start":{"line":92,"column":26},"end":{"line":92,"column":31}},"loc":{"start":{"line":92,"column":47},"end":{"line":97,"column":1}}},"5":{"name":"(anonymous_6)","decl":{"start":{"line":99,"column":19},"end":{"line":99,"column":24}},"loc":{"start":{"line":99,"column":40},"end":{"line":110,"column":1}}},"6":{"name":"(anonymous_7)","decl":{"start":{"line":112,"column":28},"end":{"line":112,"column":33}},"loc":{"start":{"line":116,"column":4},"end":{"line":122,"column":1}}},"7":{"name":"(anonymous_8)","decl":{"start":{"line":117,"column":19},"end":{"line":117,"column":24}},"loc":{"start":{"line":117,"column":40},"end":{"line":121,"column":3}}},"8":{"name":"(anonymous_9)","decl":{"start":{"line":124,"column":37},"end":{"line":124,"column":42}},"loc":{"start":{"line":126,"column":55},"end":{"line":138,"column":1}}},"9":{"name":"(anonymous_10)","decl":{"start":{"line":140,"column":35},"end":{"line":140,"column":40}},"loc":{"start":{"line":144,"column":4},"end":{"line":153,"column":1}}}},"branchMap":{},"s":{"0":2,"1":2,"2":2,"3":2,"4":2,"5":2,"6":2,"7":2,"8":2,"9":2,"10":2,"11":2,"12":2,"13":2,"14":0,"15":0,"16":0,"17":2,"18":0,"19":0,"20":2,"21":0,"22":0,"23":0,"24":2,"25":0,"26":0,"27":0,"28":2,"29":0,"30":2,"31":0,"32":0,"33":0,"34":0,"35":2,"36":0,"37":0,"38":0,"39":0,"40":0,"41":0,"42":0,"43":0,"44":2,"45":2,"46":0,"47":0,"48":0,"49":0,"50":0,"51":0,"52":2},"f":{"0":0,"1":0,"2":0,"3":0,"4":0,"5":0,"6":0,"7":0,"8":0,"9":0},"b":{}}
}
